		Initializing .... 

Total memory allocated = 5454196
		Begin Printing Seed information

Seed point: 80 1668 	Path 0 0 	User path -1 -1 -1

---------------------

Print path: 



[80 1668] 

		Begin Printing Seed information

Seed point: 80 1668 	Path 0 24 	User path 0 4 0

Seed point: 98 1662 	Path 25 25 	User path 24 24 24

---------------------

Print path: 



[80 1668] [80 1667] [80 1666] [80 1665] [80 1664] [81 1664] [82 1664] 
[83 1664] [84 1664] [85 1664] [86 1664] [86 1663] [87 1663] [88 1663] 
[89 1663] [90 1663] [91 1663] [92 1663] [93 1663] [94 1663] [95 1663] 
[96 1663] [96 1662] [97 1662] [98 1662] [98 1662] 

		Begin Printing Seed information

Seed point: 80 1668 	Path 0 24 	User path 0 4 0

Seed point: 98 1662 	Path 25 83 	User path 4 26 4

Seed point: 146 1652 	Path 84 84 	User path 46 46 46

---------------------

Print path: 



[80 1668] [80 1667] [80 1666] [80 1665] [80 1664] [81 1664] [82 1664] 
[83 1664] [84 1664] [85 1664] [86 1664] [86 1663] [87 1663] [88 1663] 
[89 1663] [90 1663] [91 1663] [92 1663] [93 1663] [94 1663] [95 1663] 
[96 1663] [96 1662] [97 1662] [98 1662] [98 1662] [99 1662] [100 1662] 
[101 1662] [102 1662] [103 1662] [104 1662] [105 1662] [105 1661] [106 1661] 
[107 1661] [108 1661] [109 1661] [110 1661] [111 1661] [112 1661] [113 1661] 
[114 1661] [115 1661] [115 1660] [116 1660] [117 1660] [118 1660] [119 1660] 
[120 1660] [121 1660] [122 1660] [123 1660] [123 1659] [124 1659] [125 1659] 
[126 1659] [126 1658] [127 1658] [128 1658] [129 1658] [129 1657] [130 1657] 
[131 1657] [132 1657] [132 1656] [133 1656] [134 1656] [135 1656] [135 1655] 
[136 1655] [137 1655] [138 1655] [138 1654] [139 1654] [140 1654] [140 1653] 
[141 1653] [142 1653] [143 1653] [143 1652] [144 1652] [145 1652] [146 1652] 
[146 1652] 

		Begin Printing Seed information

Seed point: 80 1668 	Path 0 24 	User path 0 4 0

Seed point: 98 1662 	Path 25 83 	User path 4 26 4

Seed point: 146 1652 	Path 84 141 	User path 26 48 26

Seed point: 171 1620 	Path 142 142 	User path 68 68 68

---------------------

Print path: 



[80 1668] [80 1667] [80 1666] [80 1665] [80 1664] [81 1664] [82 1664] 
[83 1664] [84 1664] [85 1664] [86 1664] [86 1663] [87 1663] [88 1663] 
[89 1663] [90 1663] [91 1663] [92 1663] [93 1663] [94 1663] [95 1663] 
[96 1663] [96 1662] [97 1662] [98 1662] [98 1662] [99 1662] [100 1662] 
[101 1662] [102 1662] [103 1662] [104 1662] [105 1662] [105 1661] [106 1661] 
[107 1661] [108 1661] [109 1661] [110 1661] [111 1661] [112 1661] [113 1661] 
[114 1661] [115 1661] [115 1660] [116 1660] [117 1660] [118 1660] [119 1660] 
[120 1660] [121 1660] [122 1660] [123 1660] [123 1659] [124 1659] [125 1659] 
[126 1659] [126 1658] [127 1658] [128 1658] [129 1658] [129 1657] [130 1657] 
[131 1657] [132 1657] [132 1656] [133 1656] [134 1656] [135 1656] [135 1655] 
[136 1655] [137 1655] [138 1655] [138 1654] [139 1654] [140 1654] [140 1653] 
[141 1653] [142 1653] [143 1653] [143 1652] [144 1652] [145 1652] [146 1652] 
[146 1652] [146 1651] [147 1651] [148 1651] [148 1650] [149 1650] [150 1650] 
[151 1650] [151 1649] [152 1649] [153 1649] [153 1648] [154 1648] [155 1648] 
[156 1648] [156 1647] [157 1647] [158 1647] [159 1647] [159 1646] [160 1646] 
[161 1646] [161 1645] [162 1645] [163 1645] [164 1645] [164 1644] [165 1644] 
[166 1644] [166 1643] [167 1643] [168 1643] [169 1643] [169 1642] [169 1641] 
[169 1640] [169 1639] [169 1638] [170 1638] [170 1637] [170 1636] [170 1635] 
[170 1634] [170 1633] [170 1632] [170 1631] [170 1630] [170 1629] [170 1628] 
[170 1627] [170 1626] [171 1626] [171 1625] [171 1624] [171 1623] [171 1622] 
[171 1621] [171 1620] [171 1620] 

		Begin Printing Seed information

Seed point: 80 1668 	Path 0 24 	User path 0 4 0

Seed point: 98 1662 	Path 25 83 	User path 4 26 4

Seed point: 146 1652 	Path 84 141 	User path 26 48 26

Seed point: 171 1620 	Path 142 189 	User path 48 70 48

Seed point: 170 1576 	Path 190 190 	User path 90 90 90

---------------------

Print path: 



[80 1668] [80 1667] [80 1666] [80 1665] [80 1664] [81 1664] [82 1664] 
[83 1664] [84 1664] [85 1664] [86 1664] [86 1663] [87 1663] [88 1663] 
[89 1663] [90 1663] [91 1663] [92 1663] [93 1663] [94 1663] [95 1663] 
[96 1663] [96 1662] [97 1662] [98 1662] [98 1662] [99 1662] [100 1662] 
[101 1662] [102 1662] [103 1662] [104 1662] [105 1662] [105 1661] [106 1661] 
[107 1661] [108 1661] [109 1661] [110 1661] [111 1661] [112 1661] [113 1661] 
[114 1661] [115 1661] [115 1660] [116 1660] [117 1660] [118 1660] [119 1660] 
[120 1660] [121 1660] [122 1660] [123 1660] [123 1659] [124 1659] [125 1659] 
[126 1659] [126 1658] [127 1658] [128 1658] [129 1658] [129 1657] [130 1657] 
[131 1657] [132 1657] [132 1656] [133 1656] [134 1656] [135 1656] [135 1655] 
[136 1655] [137 1655] [138 1655] [138 1654] [139 1654] [140 1654] [140 1653] 
[141 1653] [142 1653] [143 1653] [143 1652] [144 1652] [145 1652] [146 1652] 
[146 1652] [146 1651] [147 1651] [148 1651] [148 1650] [149 1650] [150 1650] 
[151 1650] [151 1649] [152 1649] [153 1649] [153 1648] [154 1648] [155 1648] 
[156 1648] [156 1647] [157 1647] [158 1647] [159 1647] [159 1646] [160 1646] 
[161 1646] [161 1645] [162 1645] [163 1645] [164 1645] [164 1644] [165 1644] 
[166 1644] [166 1643] [167 1643] [168 1643] [169 1643] [169 1642] [169 1641] 
[169 1640] [169 1639] [169 1638] [170 1638] [170 1637] [170 1636] [170 1635] 
[170 1634] [170 1633] [170 1632] [170 1631] [170 1630] [170 1629] [170 1628] 
[170 1627] [170 1626] [171 1626] [171 1625] [171 1624] [171 1623] [171 1622] 
[171 1621] [171 1620] [171 1620] [171 1619] [171 1618] [171 1617] [171 1616] 
[171 1615] [171 1614] [171 1613] [172 1613] [172 1612] [172 1611] [172 1610] 
[172 1609] [172 1608] [172 1607] [172 1606] [172 1605] [172 1604] [172 1603] 
[172 1602] [172 1601] [172 1600] [172 1599] [172 1598] [172 1597] [171 1597] 
[171 1596] [171 1595] [171 1594] [171 1593] [171 1592] [171 1591] [171 1590] 
[171 1589] [171 1588] [171 1587] [171 1586] [171 1585] [171 1584] [170 1584] 
[170 1583] [170 1582] [170 1581] [170 1580] [170 1579] [170 1578] [170 1577] 
[170 1576] [170 1576] 

		Begin Printing Seed information

Seed point: 80 1668 	Path 0 24 	User path 0 4 0

Seed point: 98 1662 	Path 25 83 	User path 4 26 4

Seed point: 146 1652 	Path 84 141 	User path 26 48 26

Seed point: 171 1620 	Path 142 189 	User path 48 70 48

Seed point: 170 1576 	Path 190 241 	User path 70 92 70

Seed point: 139 1556 	Path 242 242 	User path 112 112 112

---------------------

Print path: 



[80 1668] [80 1667] [80 1666] [80 1665] [80 1664] [81 1664] [82 1664] 
[83 1664] [84 1664] [85 1664] [86 1664] [86 1663] [87 1663] [88 1663] 
[89 1663] [90 1663] [91 1663] [92 1663] [93 1663] [94 1663] [95 1663] 
[96 1663] [96 1662] [97 1662] [98 1662] [98 1662] [99 1662] [100 1662] 
[101 1662] [102 1662] [103 1662] [104 1662] [105 1662] [105 1661] [106 1661] 
[107 1661] [108 1661] [109 1661] [110 1661] [111 1661] [112 1661] [113 1661] 
[114 1661] [115 1661] [115 1660] [116 1660] [117 1660] [118 1660] [119 1660] 
[120 1660] [121 1660] [122 1660] [123 1660] [123 1659] [124 1659] [125 1659] 
[126 1659] [126 1658] [127 1658] [128 1658] [129 1658] [129 1657] [130 1657] 
[131 1657] [132 1657] [132 1656] [133 1656] [134 1656] [135 1656] [135 1655] 
[136 1655] [137 1655] [138 1655] [138 1654] [139 1654] [140 1654] [140 1653] 
[141 1653] [142 1653] [143 1653] [143 1652] [144 1652] [145 1652] [146 1652] 
[146 1652] [146 1651] [147 1651] [148 1651] [148 1650] [149 1650] [150 1650] 
[151 1650] [151 1649] [152 1649] [153 1649] [153 1648] [154 1648] [155 1648] 
[156 1648] [156 1647] [157 1647] [158 1647] [159 1647] [159 1646] [160 1646] 
[161 1646] [161 1645] [162 1645] [163 1645] [164 1645] [164 1644] [165 1644] 
[166 1644] [166 1643] [167 1643] [168 1643] [169 1643] [169 1642] [169 1641] 
[169 1640] [169 1639] [169 1638] [170 1638] [170 1637] [170 1636] [170 1635] 
[170 1634] [170 1633] [170 1632] [170 1631] [170 1630] [170 1629] [170 1628] 
[170 1627] [170 1626] [171 1626] [171 1625] [171 1624] [171 1623] [171 1622] 
[171 1621] [171 1620] [171 1620] [171 1619] [171 1618] [171 1617] [171 1616] 
[171 1615] [171 1614] [171 1613] [172 1613] [172 1612] [172 1611] [172 1610] 
[172 1609] [172 1608] [172 1607] [172 1606] [172 1605] [172 1604] [172 1603] 
[172 1602] [172 1601] [172 1600] [172 1599] [172 1598] [172 1597] [171 1597] 
[171 1596] [171 1595] [171 1594] [171 1593] [171 1592] [171 1591] [171 1590] 
[171 1589] [171 1588] [171 1587] [171 1586] [171 1585] [171 1584] [170 1584] 
[170 1583] [170 1582] [170 1581] [170 1580] [170 1579] [170 1578] [170 1577] 
[170 1576] [170 1576] [170 1575] [170 1574] [170 1573] [170 1572] [170 1571] 
[169 1571] [169 1570] [169 1569] [169 1568] [169 1567] [168 1567] [168 1566] 
[167 1566] [166 1566] [165 1566] [165 1565] [164 1565] [163 1565] [162 1565] 
[162 1564] [161 1564] [160 1564] [160 1563] [159 1563] [158 1563] [157 1563] 
[157 1562] [156 1562] [155 1562] [155 1561] [154 1561] [153 1561] [152 1561] 
[152 1560] [151 1560] [150 1560] [150 1559] [149 1559] [148 1559] [147 1559] 
[147 1558] [146 1558] [145 1558] [144 1558] [144 1557] [143 1557] [142 1557] 
[142 1556] [141 1556] [140 1556] [139 1556] [139 1556] 

		Begin Printing Seed information

Seed point: 80 1668 	Path 0 24 	User path 0 4 0

Seed point: 98 1662 	Path 25 83 	User path 4 26 4

Seed point: 146 1652 	Path 84 141 	User path 26 48 26

Seed point: 171 1620 	Path 142 189 	User path 48 70 48

Seed point: 170 1576 	Path 190 241 	User path 70 92 70

Seed point: 139 1556 	Path 242 298 	User path 92 115 92

Seed point: 92 1547 	Path 299 299 	User path 134 134 134

---------------------

Print path: 



[80 1668] [80 1667] [80 1666] [80 1665] [80 1664] [81 1664] [82 1664] 
[83 1664] [84 1664] [85 1664] [86 1664] [86 1663] [87 1663] [88 1663] 
[89 1663] [90 1663] [91 1663] [92 1663] [93 1663] [94 1663] [95 1663] 
[96 1663] [96 1662] [97 1662] [98 1662] [98 1662] [99 1662] [100 1662] 
[101 1662] [102 1662] [103 1662] [104 1662] [105 1662] [105 1661] [106 1661] 
[107 1661] [108 1661] [109 1661] [110 1661] [111 1661] [112 1661] [113 1661] 
[114 1661] [115 1661] [115 1660] [116 1660] [117 1660] [118 1660] [119 1660] 
[120 1660] [121 1660] [122 1660] [123 1660] [123 1659] [124 1659] [125 1659] 
[126 1659] [126 1658] [127 1658] [128 1658] [129 1658] [129 1657] [130 1657] 
[131 1657] [132 1657] [132 1656] [133 1656] [134 1656] [135 1656] [135 1655] 
[136 1655] [137 1655] [138 1655] [138 1654] [139 1654] [140 1654] [140 1653] 
[141 1653] [142 1653] [143 1653] [143 1652] [144 1652] [145 1652] [146 1652] 
[146 1652] [146 1651] [147 1651] [148 1651] [148 1650] [149 1650] [150 1650] 
[151 1650] [151 1649] [152 1649] [153 1649] [153 1648] [154 1648] [155 1648] 
[156 1648] [156 1647] [157 1647] [158 1647] [159 1647] [159 1646] [160 1646] 
[161 1646] [161 1645] [162 1645] [163 1645] [164 1645] [164 1644] [165 1644] 
[166 1644] [166 1643] [167 1643] [168 1643] [169 1643] [169 1642] [169 1641] 
[169 1640] [169 1639] [169 1638] [170 1638] [170 1637] [170 1636] [170 1635] 
[170 1634] [170 1633] [170 1632] [170 1631] [170 1630] [170 1629] [170 1628] 
[170 1627] [170 1626] [171 1626] [171 1625] [171 1624] [171 1623] [171 1622] 
[171 1621] [171 1620] [171 1620] [171 1619] [171 1618] [171 1617] [171 1616] 
[171 1615] [171 1614] [171 1613] [172 1613] [172 1612] [172 1611] [172 1610] 
[172 1609] [172 1608] [172 1607] [172 1606] [172 1605] [172 1604] [172 1603] 
[172 1602] [172 1601] [172 1600] [172 1599] [172 1598] [172 1597] [171 1597] 
[171 1596] [171 1595] [171 1594] [171 1593] [171 1592] [171 1591] [171 1590] 
[171 1589] [171 1588] [171 1587] [171 1586] [171 1585] [171 1584] [170 1584] 
[170 1583] [170 1582] [170 1581] [170 1580] [170 1579] [170 1578] [170 1577] 
[170 1576] [170 1576] [170 1575] [170 1574] [170 1573] [170 1572] [170 1571] 
[169 1571] [169 1570] [169 1569] [169 1568] [169 1567] [168 1567] [168 1566] 
[167 1566] [166 1566] [165 1566] [165 1565] [164 1565] [163 1565] [162 1565] 
[162 1564] [161 1564] [160 1564] [160 1563] [159 1563] [158 1563] [157 1563] 
[157 1562] [156 1562] [155 1562] [155 1561] [154 1561] [153 1561] [152 1561] 
[152 1560] [151 1560] [150 1560] [150 1559] [149 1559] [148 1559] [147 1559] 
[147 1558] [146 1558] [145 1558] [144 1558] [144 1557] [143 1557] [142 1557] 
[142 1556] [141 1556] [140 1556] [139 1556] [139 1556] [139 1555] [138 1555] 
[137 1555] [136 1555] [136 1554] [135 1554] [134 1554] [134 1553] [133 1553] 
[132 1553] [131 1553] [131 1552] [130 1552] [129 1552] [128 1552] [128 1551] 
[127 1551] [126 1551] [125 1551] [125 1550] [124 1550] [123 1550] [122 1550] 
[121 1550] [120 1550] [120 1549] [119 1549] [118 1549] [117 1549] [116 1549] 
[115 1549] [114 1549] [113 1549] [112 1549] [111 1549] [111 1548] [110 1548] 
[109 1548] [108 1548] [107 1548] [106 1548] [105 1548] [104 1548] [103 1548] 
[102 1548] [101 1548] [101 1547] [100 1547] [99 1547] [98 1547] [97 1547] 
[96 1547] [95 1547] [94 1547] [93 1547] [92 1547] [92 1547] 

		Begin Printing Seed information

Seed point: 80 1668 	Path 0 24 	User path 0 4 0

Seed point: 98 1662 	Path 25 83 	User path 4 26 4

Seed point: 146 1652 	Path 84 141 	User path 26 48 26

Seed point: 171 1620 	Path 142 189 	User path 48 70 48

Seed point: 170 1576 	Path 190 241 	User path 70 92 70

Seed point: 139 1556 	Path 242 298 	User path 92 115 92

Seed point: 92 1547 	Path 299 340 	User path 115 124 115

Seed point: 74 1566 	Path 341 341 	User path 156 156 156

---------------------

Print path: 



[80 1668] [80 1667] [80 1666] [80 1665] [80 1664] [81 1664] [82 1664] 
[83 1664] [84 1664] [85 1664] [86 1664] [86 1663] [87 1663] [88 1663] 
[89 1663] [90 1663] [91 1663] [92 1663] [93 1663] [94 1663] [95 1663] 
[96 1663] [96 1662] [97 1662] [98 1662] [98 1662] [99 1662] [100 1662] 
[101 1662] [102 1662] [103 1662] [104 1662] [105 1662] [105 1661] [106 1661] 
[107 1661] [108 1661] [109 1661] [110 1661] [111 1661] [112 1661] [113 1661] 
[114 1661] [115 1661] [115 1660] [116 1660] [117 1660] [118 1660] [119 1660] 
[120 1660] [121 1660] [122 1660] [123 1660] [123 1659] [124 1659] [125 1659] 
[126 1659] [126 1658] [127 1658] [128 1658] [129 1658] [129 1657] [130 1657] 
[131 1657] [132 1657] [132 1656] [133 1656] [134 1656] [135 1656] [135 1655] 
[136 1655] [137 1655] [138 1655] [138 1654] [139 1654] [140 1654] [140 1653] 
[141 1653] [142 1653] [143 1653] [143 1652] [144 1652] [145 1652] [146 1652] 
[146 1652] [146 1651] [147 1651] [148 1651] [148 1650] [149 1650] [150 1650] 
[151 1650] [151 1649] [152 1649] [153 1649] [153 1648] [154 1648] [155 1648] 
[156 1648] [156 1647] [157 1647] [158 1647] [159 1647] [159 1646] [160 1646] 
[161 1646] [161 1645] [162 1645] [163 1645] [164 1645] [164 1644] [165 1644] 
[166 1644] [166 1643] [167 1643] [168 1643] [169 1643] [169 1642] [169 1641] 
[169 1640] [169 1639] [169 1638] [170 1638] [170 1637] [170 1636] [170 1635] 
[170 1634] [170 1633] [170 1632] [170 1631] [170 1630] [170 1629] [170 1628] 
[170 1627] [170 1626] [171 1626] [171 1625] [171 1624] [171 1623] [171 1622] 
[171 1621] [171 1620] [171 1620] [171 1619] [171 1618] [171 1617] [171 1616] 
[171 1615] [171 1614] [171 1613] [172 1613] [172 1612] [172 1611] [172 1610] 
[172 1609] [172 1608] [172 1607] [172 1606] [172 1605] [172 1604] [172 1603] 
[172 1602] [172 1601] [172 1600] [172 1599] [172 1598] [172 1597] [171 1597] 
[171 1596] [171 1595] [171 1594] [171 1593] [171 1592] [171 1591] [171 1590] 
[171 1589] [171 1588] [171 1587] [171 1586] [171 1585] [171 1584] [170 1584] 
[170 1583] [170 1582] [170 1581] [170 1580] [170 1579] [170 1578] [170 1577] 
[170 1576] [170 1576] [170 1575] [170 1574] [170 1573] [170 1572] [170 1571] 
[169 1571] [169 1570] [169 1569] [169 1568] [169 1567] [168 1567] [168 1566] 
[167 1566] [166 1566] [165 1566] [165 1565] [164 1565] [163 1565] [162 1565] 
[162 1564] [161 1564] [160 1564] [160 1563] [159 1563] [158 1563] [157 1563] 
[157 1562] [156 1562] [155 1562] [155 1561] [154 1561] [153 1561] [152 1561] 
[152 1560] [151 1560] [150 1560] [150 1559] [149 1559] [148 1559] [147 1559] 
[147 1558] [146 1558] [145 1558] [144 1558] [144 1557] [143 1557] [142 1557] 
[142 1556] [141 1556] [140 1556] [139 1556] [139 1556] [139 1555] [138 1555] 
[137 1555] [136 1555] [136 1554] [135 1554] [134 1554] [134 1553] [133 1553] 
[132 1553] [131 1553] [131 1552] [130 1552] [129 1552] [128 1552] [128 1551] 
[127 1551] [126 1551] [125 1551] [125 1550] [124 1550] [123 1550] [122 1550] 
[121 1550] [120 1550] [120 1549] [119 1549] [118 1549] [117 1549] [116 1549] 
[115 1549] [114 1549] [113 1549] [112 1549] [111 1549] [111 1548] [110 1548] 
[109 1548] [108 1548] [107 1548] [106 1548] [105 1548] [104 1548] [103 1548] 
[102 1548] [101 1548] [101 1547] [100 1547] [99 1547] [98 1547] [97 1547] 
[96 1547] [95 1547] [94 1547] [93 1547] [92 1547] [92 1547] [91 1547] 
[91 1546] [90 1546] [89 1546] [88 1546] [87 1546] [86 1546] [85 1546] 
[84 1546] [83 1546] [82 1546] [82 1545] [81 1545] [80 1545] [79 1545] 
[78 1545] [77 1545] [76 1545] [75 1545] [75 1546] [75 1547] [75 1548] 
[75 1549] [75 1550] [75 1551] [75 1552] [75 1553] [75 1554] [75 1555] 
[74 1555] [74 1556] [74 1557] [74 1558] [74 1559] [74 1560] [74 1561] 
[74 1562] [74 1563] [74 1564] [74 1565] [74 1566] [74 1566] 

		Begin Printing Seed information

Seed point: 80 1668 	Path 0 24 	User path 0 4 0

Seed point: 98 1662 	Path 25 83 	User path 4 26 4

Seed point: 146 1652 	Path 84 141 	User path 26 48 26

Seed point: 171 1620 	Path 142 189 	User path 48 70 48

Seed point: 170 1576 	Path 190 241 	User path 70 92 70

Seed point: 139 1556 	Path 242 298 	User path 92 115 92

Seed point: 92 1547 	Path 299 340 	User path 115 124 115

Seed point: 74 1566 	Path 341 391 	User path 124 156 124

Seed point: 73 1615 	Path 392 392 	User path 178 178 178

---------------------

Print path: 



[80 1668] [80 1667] [80 1666] [80 1665] [80 1664] [81 1664] [82 1664] 
[83 1664] [84 1664] [85 1664] [86 1664] [86 1663] [87 1663] [88 1663] 
[89 1663] [90 1663] [91 1663] [92 1663] [93 1663] [94 1663] [95 1663] 
[96 1663] [96 1662] [97 1662] [98 1662] [98 1662] [99 1662] [100 1662] 
[101 1662] [102 1662] [103 1662] [104 1662] [105 1662] [105 1661] [106 1661] 
[107 1661] [108 1661] [109 1661] [110 1661] [111 1661] [112 1661] [113 1661] 
[114 1661] [115 1661] [115 1660] [116 1660] [117 1660] [118 1660] [119 1660] 
[120 1660] [121 1660] [122 1660] [123 1660] [123 1659] [124 1659] [125 1659] 
[126 1659] [126 1658] [127 1658] [128 1658] [129 1658] [129 1657] [130 1657] 
[131 1657] [132 1657] [132 1656] [133 1656] [134 1656] [135 1656] [135 1655] 
[136 1655] [137 1655] [138 1655] [138 1654] [139 1654] [140 1654] [140 1653] 
[141 1653] [142 1653] [143 1653] [143 1652] [144 1652] [145 1652] [146 1652] 
[146 1652] [146 1651] [147 1651] [148 1651] [148 1650] [149 1650] [150 1650] 
[151 1650] [151 1649] [152 1649] [153 1649] [153 1648] [154 1648] [155 1648] 
[156 1648] [156 1647] [157 1647] [158 1647] [159 1647] [159 1646] [160 1646] 
[161 1646] [161 1645] [162 1645] [163 1645] [164 1645] [164 1644] [165 1644] 
[166 1644] [166 1643] [167 1643] [168 1643] [169 1643] [169 1642] [169 1641] 
[169 1640] [169 1639] [169 1638] [170 1638] [170 1637] [170 1636] [170 1635] 
[170 1634] [170 1633] [170 1632] [170 1631] [170 1630] [170 1629] [170 1628] 
[170 1627] [170 1626] [171 1626] [171 1625] [171 1624] [171 1623] [171 1622] 
[171 1621] [171 1620] [171 1620] [171 1619] [171 1618] [171 1617] [171 1616] 
[171 1615] [171 1614] [171 1613] [172 1613] [172 1612] [172 1611] [172 1610] 
[172 1609] [172 1608] [172 1607] [172 1606] [172 1605] [172 1604] [172 1603] 
[172 1602] [172 1601] [172 1600] [172 1599] [172 1598] [172 1597] [171 1597] 
[171 1596] [171 1595] [171 1594] [171 1593] [171 1592] [171 1591] [171 1590] 
[171 1589] [171 1588] [171 1587] [171 1586] [171 1585] [171 1584] [170 1584] 
[170 1583] [170 1582] [170 1581] [170 1580] [170 1579] [170 1578] [170 1577] 
[170 1576] [170 1576] [170 1575] [170 1574] [170 1573] [170 1572] [170 1571] 
[169 1571] [169 1570] [169 1569] [169 1568] [169 1567] [168 1567] [168 1566] 
[167 1566] [166 1566] [165 1566] [165 1565] [164 1565] [163 1565] [162 1565] 
[162 1564] [161 1564] [160 1564] [160 1563] [159 1563] [158 1563] [157 1563] 
[157 1562] [156 1562] [155 1562] [155 1561] [154 1561] [153 1561] [152 1561] 
[152 1560] [151 1560] [150 1560] [150 1559] [149 1559] [148 1559] [147 1559] 
[147 1558] [146 1558] [145 1558] [144 1558] [144 1557] [143 1557] [142 1557] 
[142 1556] [141 1556] [140 1556] [139 1556] [139 1556] [139 1555] [138 1555] 
[137 1555] [136 1555] [136 1554] [135 1554] [134 1554] [134 1553] [133 1553] 
[132 1553] [131 1553] [131 1552] [130 1552] [129 1552] [128 1552] [128 1551] 
[127 1551] [126 1551] [125 1551] [125 1550] [124 1550] [123 1550] [122 1550] 
[121 1550] [120 1550] [120 1549] [119 1549] [118 1549] [117 1549] [116 1549] 
[115 1549] [114 1549] [113 1549] [112 1549] [111 1549] [111 1548] [110 1548] 
[109 1548] [108 1548] [107 1548] [106 1548] [105 1548] [104 1548] [103 1548] 
[102 1548] [101 1548] [101 1547] [100 1547] [99 1547] [98 1547] [97 1547] 
[96 1547] [95 1547] [94 1547] [93 1547] [92 1547] [92 1547] [91 1547] 
[91 1546] [90 1546] [89 1546] [88 1546] [87 1546] [86 1546] [85 1546] 
[84 1546] [83 1546] [82 1546] [82 1545] [81 1545] [80 1545] [79 1545] 
[78 1545] [77 1545] [76 1545] [75 1545] [75 1546] [75 1547] [75 1548] 
[75 1549] [75 1550] [75 1551] [75 1552] [75 1553] [75 1554] [75 1555] 
[74 1555] [74 1556] [74 1557] [74 1558] [74 1559] [74 1560] [74 1561] 
[74 1562] [74 1563] [74 1564] [74 1565] [74 1566] [74 1566] [74 1567] 
[74 1568] [74 1569] [74 1570] [74 1571] [74 1572] [74 1573] [74 1574] 
[74 1575] [74 1576] [74 1577] [74 1578] [74 1579] [74 1580] [74 1581] 
[74 1582] [74 1583] [74 1584] [74 1585] [74 1586] [74 1587] [74 1588] 
[74 1589] [74 1590] [74 1591] [74 1592] [74 1593] [74 1594] [73 1594] 
[73 1595] [73 1596] [73 1597] [73 1598] [73 1599] [73 1600] [73 1601] 
[73 1602] [73 1603] [73 1604] [73 1605] [73 1606] [73 1607] [73 1608] 
[73 1609] [73 1610] [73 1611] [73 1612] [73 1613] [73 1614] [73 1615] 
[73 1615] 

User path


[80 1668] [86 1668] [90 1668] [98 1662] [98 1662] [102 1662] [104 1662] 
[110 1662] [114 1662] [116 1662] [118 1662] [120 1662] [122 1662] [124 1662] 
[126 1662] [128 1662] [130 1660] [132 1660] [136 1660] [138 1660] [138 1658] 
[142 1658] [144 1658] [146 1658] [148 1658] [150 1656] [146 1652] [152 1656] 
[154 1654] [156 1654] [158 1654] [160 1652] [160 1650] [162 1648] [164 1646] 
[166 1646] [166 1644] [166 1642] [166 1640] [166 1638] [166 1636] [166 1634] 
[166 1632] [166 1630] [166 1626] [166 1624] [166 1622] [166 1620] [171 1620] 
[166 1618] [166 1616] [166 1614] [166 1612] [166 1610] [166 1608] [166 1606] 
[166 1604] [166 1602] [166 1600] [166 1598] [166 1596] [166 1594] [166 1592] 
[166 1590] [166 1588] [166 1586] [166 1582] [166 1580] [166 1578] [166 1576] 
[170 1576] [166 1574] [166 1572] [164 1572] [162 1572] [160 1572] [158 1570] 
[158 1568] [156 1568] [154 1568] [154 1566] [152 1566] [152 1564] [150 1564] 
[150 1562] [148 1562] [146 1562] [144 1562] [142 1562] [140 1562] [138 1562] 
[136 1560] [139 1556] [134 1558] [132 1558] [128 1558] [126 1558] [124 1558] 
[122 1558] [120 1558] [118 1558] [116 1558] [114 1558] [112 1558] [110 1558] 
[108 1558] [106 1558] [104 1558] [102 1558] [100 1558] [98 1558] [96 1558] 
[94 1558] [94 1556] [92 1554] [92 1547] [90 1554] [88 1554] [84 1554] 
[82 1554] [80 1554] [78 1554] [76 1554] [74 1554] [74 1566] [72 1554] 
[70 1554] [68 1554] [66 1554] [64 1554] [62 1554] [60 1554] [60 1556] 
[60 1558] [60 1560] [60 1564] [60 1566] [60 1568] [60 1570] [60 1572] 
[60 1574] [60 1580] [60 1582] [60 1586] [60 1588] [60 1590] [60 1592] 
[60 1594] [60 1596] [60 1598] [60 1600] [60 1602] [60 1604] [60 1606] 
[60 1612] [60 1614] [73 1615] [60 1616] [60 1620] [60 1622] [60 1626] 
[60 1632] [60 1642] [60 1644] [60 1646] [60 1648] [60 1650] [60 1652] 
[60 1654] [60 1656] [60 1662] [60 1664] [62 1664] [64 1664] [66 1664] 
[70 1666] [72 1666] [74 1666] [78 1666] [80 1668] [82 1668] [84 1668] 
[86 1668] [88 1668] [90 1668] [92 1668] [90 1668] [88 1670] [82 1670] 
[80 1670] [80 1672] [78 1672] [76 1672] [78 1672] 

		Begin Printing Seed information

Seed point: 80 1668 	Path 0 24 	User path 0 4 0

Seed point: 98 1662 	Path 25 83 	User path 4 26 4

Seed point: 146 1652 	Path 84 141 	User path 26 48 26

Seed point: 171 1620 	Path 142 189 	User path 48 70 48

Seed point: 170 1576 	Path 190 241 	User path 70 92 70

Seed point: 139 1556 	Path 242 298 	User path 92 115 92

Seed point: 92 1547 	Path 299 340 	User path 115 124 115

Seed point: 74 1566 	Path 341 391 	User path 124 156 124

Seed point: 73 1615 	Path 392 454 	User path 156 194 156

Seed point: 78 1672 	Path 455 455 	User path 194 194 194

---------------------

Print path: 



[80 1668] [80 1667] [80 1666] [80 1665] [80 1664] [81 1664] [82 1664] 
[83 1664] [84 1664] [85 1664] [86 1664] [86 1663] [87 1663] [88 1663] 
[89 1663] [90 1663] [91 1663] [92 1663] [93 1663] [94 1663] [95 1663] 
[96 1663] [96 1662] [97 1662] [98 1662] [98 1662] [99 1662] [100 1662] 
[101 1662] [102 1662] [103 1662] [104 1662] [105 1662] [105 1661] [106 1661] 
[107 1661] [108 1661] [109 1661] [110 1661] [111 1661] [112 1661] [113 1661] 
[114 1661] [115 1661] [115 1660] [116 1660] [117 1660] [118 1660] [119 1660] 
[120 1660] [121 1660] [122 1660] [123 1660] [123 1659] [124 1659] [125 1659] 
[126 1659] [126 1658] [127 1658] [128 1658] [129 1658] [129 1657] [130 1657] 
[131 1657] [132 1657] [132 1656] [133 1656] [134 1656] [135 1656] [135 1655] 
[136 1655] [137 1655] [138 1655] [138 1654] [139 1654] [140 1654] [140 1653] 
[141 1653] [142 1653] [143 1653] [143 1652] [144 1652] [145 1652] [146 1652] 
[146 1652] [146 1651] [147 1651] [148 1651] [148 1650] [149 1650] [150 1650] 
[151 1650] [151 1649] [152 1649] [153 1649] [153 1648] [154 1648] [155 1648] 
[156 1648] [156 1647] [157 1647] [158 1647] [159 1647] [159 1646] [160 1646] 
[161 1646] [161 1645] [162 1645] [163 1645] [164 1645] [164 1644] [165 1644] 
[166 1644] [166 1643] [167 1643] [168 1643] [169 1643] [169 1642] [169 1641] 
[169 1640] [169 1639] [169 1638] [170 1638] [170 1637] [170 1636] [170 1635] 
[170 1634] [170 1633] [170 1632] [170 1631] [170 1630] [170 1629] [170 1628] 
[170 1627] [170 1626] [171 1626] [171 1625] [171 1624] [171 1623] [171 1622] 
[171 1621] [171 1620] [171 1620] [171 1619] [171 1618] [171 1617] [171 1616] 
[171 1615] [171 1614] [171 1613] [172 1613] [172 1612] [172 1611] [172 1610] 
[172 1609] [172 1608] [172 1607] [172 1606] [172 1605] [172 1604] [172 1603] 
[172 1602] [172 1601] [172 1600] [172 1599] [172 1598] [172 1597] [171 1597] 
[171 1596] [171 1595] [171 1594] [171 1593] [171 1592] [171 1591] [171 1590] 
[171 1589] [171 1588] [171 1587] [171 1586] [171 1585] [171 1584] [170 1584] 
[170 1583] [170 1582] [170 1581] [170 1580] [170 1579] [170 1578] [170 1577] 
[170 1576] [170 1576] [170 1575] [170 1574] [170 1573] [170 1572] [170 1571] 
[169 1571] [169 1570] [169 1569] [169 1568] [169 1567] [168 1567] [168 1566] 
[167 1566] [166 1566] [165 1566] [165 1565] [164 1565] [163 1565] [162 1565] 
[162 1564] [161 1564] [160 1564] [160 1563] [159 1563] [158 1563] [157 1563] 
[157 1562] [156 1562] [155 1562] [155 1561] [154 1561] [153 1561] [152 1561] 
[152 1560] [151 1560] [150 1560] [150 1559] [149 1559] [148 1559] [147 1559] 
[147 1558] [146 1558] [145 1558] [144 1558] [144 1557] [143 1557] [142 1557] 
[142 1556] [141 1556] [140 1556] [139 1556] [139 1556] [139 1555] [138 1555] 
[137 1555] [136 1555] [136 1554] [135 1554] [134 1554] [134 1553] [133 1553] 
[132 1553] [131 1553] [131 1552] [130 1552] [129 1552] [128 1552] [128 1551] 
[127 1551] [126 1551] [125 1551] [125 1550] [124 1550] [123 1550] [122 1550] 
[121 1550] [120 1550] [120 1549] [119 1549] [118 1549] [117 1549] [116 1549] 
[115 1549] [114 1549] [113 1549] [112 1549] [111 1549] [111 1548] [110 1548] 
[109 1548] [108 1548] [107 1548] [106 1548] [105 1548] [104 1548] [103 1548] 
[102 1548] [101 1548] [101 1547] [100 1547] [99 1547] [98 1547] [97 1547] 
[96 1547] [95 1547] [94 1547] [93 1547] [92 1547] [92 1547] [91 1547] 
[91 1546] [90 1546] [89 1546] [88 1546] [87 1546] [86 1546] [85 1546] 
[84 1546] [83 1546] [82 1546] [82 1545] [81 1545] [80 1545] [79 1545] 
[78 1545] [77 1545] [76 1545] [75 1545] [75 1546] [75 1547] [75 1548] 
[75 1549] [75 1550] [75 1551] [75 1552] [75 1553] [75 1554] [75 1555] 
[74 1555] [74 1556] [74 1557] [74 1558] [74 1559] [74 1560] [74 1561] 
[74 1562] [74 1563] [74 1564] [74 1565] [74 1566] [74 1566] [74 1567] 
[74 1568] [74 1569] [74 1570] [74 1571] [74 1572] [74 1573] [74 1574] 
[74 1575] [74 1576] [74 1577] [74 1578] [74 1579] [74 1580] [74 1581] 
[74 1582] [74 1583] [74 1584] [74 1585] [74 1586] [74 1587] [74 1588] 
[74 1589] [74 1590] [74 1591] [74 1592] [74 1593] [74 1594] [73 1594] 
[73 1595] [73 1596] [73 1597] [73 1598] [73 1599] [73 1600] [73 1601] 
[73 1602] [73 1603] [73 1604] [73 1605] [73 1606] [73 1607] [73 1608] 
[73 1609] [73 1610] [73 1611] [73 1612] [73 1613] [73 1614] [73 1615] 
[73 1615] [74 1615] [74 1616] [74 1617] [74 1618] [74 1619] [74 1620] 
[74 1621] [74 1622] [74 1623] [74 1624] [74 1625] [74 1626] [74 1627] 
[74 1628] [74 1629] [74 1630] [74 1631] [74 1632] [74 1633] [74 1634] 
[74 1635] [74 1636] [74 1637] [74 1638] [74 1639] [74 1640] [74 1641] 
[74 1642] [74 1643] [74 1644] [74 1645] [74 1646] [74 1647] [74 1648] 
[74 1649] [74 1650] [74 1651] [74 1652] [74 1653] [74 1654] [74 1655] 
[75 1655] [75 1656] [75 1657] [75 1658] [75 1659] [75 1660] [75 1661] 
[75 1662] [75 1663] [75 1664] [75 1665] [75 1666] [75 1667] [75 1668] 
[75 1669] [75 1670] [76 1670] [76 1671] [76 1672] [77 1672] [78 1672] 
[78 1672] 

