		Initializing .... 

Total memory allocated = 5454196
		Begin Printing Seed information

Seed point: 176 192 	Path 0 0 	User path -1 -1 -1

---------------------

Print path: 



[176 192] 

		Begin Printing Seed information

Seed point: 176 192 	Path 0 21 	User path 0 8 0

Seed point: 179 211 	Path 22 22 	User path 29 29 29

---------------------

Print path: 



[176 192] [177 193] [178 193] [179 193] [179 194] [179 195] [179 196] 
[179 197] [179 198] [179 199] [179 200] [179 201] [179 202] [179 203] 
[179 204] [179 205] [179 206] [179 207] [179 208] [179 209] [179 210] 
[179 211] [179 211] 

		Begin Printing Seed information

Seed point: 176 192 	Path 0 21 	User path 0 8 0

Seed point: 179 211 	Path 22 97 	User path 8 31 8

Seed point: 179 286 	Path 98 98 	User path 51 51 51

---------------------

Print path: 



[176 192] [177 193] [178 193] [179 193] [179 194] [179 195] [179 196] 
[179 197] [179 198] [179 199] [179 200] [179 201] [179 202] [179 203] 
[179 204] [179 205] [179 206] [179 207] [179 208] [179 209] [179 210] 
[179 211] [179 211] [179 212] [179 213] [179 214] [179 215] [179 216] 
[179 217] [179 218] [179 219] [179 220] [179 221] [179 222] [179 223] 
[179 224] [179 225] [179 226] [179 227] [179 228] [179 229] [179 230] 
[179 231] [179 232] [179 233] [179 234] [179 235] [179 236] [179 237] 
[179 238] [179 239] [179 240] [179 241] [179 242] [179 243] [179 244] 
[179 245] [179 246] [179 247] [179 248] [179 249] [179 250] [179 251] 
[179 252] [179 253] [179 254] [179 255] [179 256] [179 257] [179 258] 
[179 259] [179 260] [179 261] [179 262] [179 263] [179 264] [179 265] 
[179 266] [179 267] [179 268] [179 269] [179 270] [179 271] [179 272] 
[179 273] [179 274] [179 275] [179 276] [179 277] [179 278] [179 279] 
[179 280] [179 281] [179 282] [179 283] [179 284] [179 285] [179 286] 
[179 286] 

		Begin Printing Seed information

Seed point: 176 192 	Path 0 21 	User path 0 8 0

Seed point: 179 211 	Path 22 97 	User path 8 31 8

Seed point: 179 286 	Path 98 128 	User path 31 53 31

Seed point: 179 316 	Path 129 129 	User path 73 73 73

---------------------

Print path: 



[176 192] [177 193] [178 193] [179 193] [179 194] [179 195] [179 196] 
[179 197] [179 198] [179 199] [179 200] [179 201] [179 202] [179 203] 
[179 204] [179 205] [179 206] [179 207] [179 208] [179 209] [179 210] 
[179 211] [179 211] [179 212] [179 213] [179 214] [179 215] [179 216] 
[179 217] [179 218] [179 219] [179 220] [179 221] [179 222] [179 223] 
[179 224] [179 225] [179 226] [179 227] [179 228] [179 229] [179 230] 
[179 231] [179 232] [179 233] [179 234] [179 235] [179 236] [179 237] 
[179 238] [179 239] [179 240] [179 241] [179 242] [179 243] [179 244] 
[179 245] [179 246] [179 247] [179 248] [179 249] [179 250] [179 251] 
[179 252] [179 253] [179 254] [179 255] [179 256] [179 257] [179 258] 
[179 259] [179 260] [179 261] [179 262] [179 263] [179 264] [179 265] 
[179 266] [179 267] [179 268] [179 269] [179 270] [179 271] [179 272] 
[179 273] [179 274] [179 275] [179 276] [179 277] [179 278] [179 279] 
[179 280] [179 281] [179 282] [179 283] [179 284] [179 285] [179 286] 
[179 286] [179 287] [179 288] [179 289] [179 290] [179 291] [179 292] 
[179 293] [179 294] [179 295] [179 296] [179 297] [179 298] [179 299] 
[179 300] [179 301] [179 302] [179 303] [179 304] [179 305] [179 306] 
[179 307] [179 308] [179 309] [179 310] [179 311] [179 312] [179 313] 
[179 314] [179 315] [179 316] [179 316] 

		Begin Printing Seed information

Seed point: 176 192 	Path 0 21 	User path 0 8 0

Seed point: 179 211 	Path 22 97 	User path 8 31 8

Seed point: 179 286 	Path 98 128 	User path 31 53 31

Seed point: 179 316 	Path 129 151 	User path 53 81 53

Seed point: 186 331 	Path 152 152 	User path 96 96 96

---------------------

Print path: 



[176 192] [177 193] [178 193] [179 193] [179 194] [179 195] [179 196] 
[179 197] [179 198] [179 199] [179 200] [179 201] [179 202] [179 203] 
[179 204] [179 205] [179 206] [179 207] [179 208] [179 209] [179 210] 
[179 211] [179 211] [179 212] [179 213] [179 214] [179 215] [179 216] 
[179 217] [179 218] [179 219] [179 220] [179 221] [179 222] [179 223] 
[179 224] [179 225] [179 226] [179 227] [179 228] [179 229] [179 230] 
[179 231] [179 232] [179 233] [179 234] [179 235] [179 236] [179 237] 
[179 238] [179 239] [179 240] [179 241] [179 242] [179 243] [179 244] 
[179 245] [179 246] [179 247] [179 248] [179 249] [179 250] [179 251] 
[179 252] [179 253] [179 254] [179 255] [179 256] [179 257] [179 258] 
[179 259] [179 260] [179 261] [179 262] [179 263] [179 264] [179 265] 
[179 266] [179 267] [179 268] [179 269] [179 270] [179 271] [179 272] 
[179 273] [179 274] [179 275] [179 276] [179 277] [179 278] [179 279] 
[179 280] [179 281] [179 282] [179 283] [179 284] [179 285] [179 286] 
[179 286] [179 287] [179 288] [179 289] [179 290] [179 291] [179 292] 
[179 293] [179 294] [179 295] [179 296] [179 297] [179 298] [179 299] 
[179 300] [179 301] [179 302] [179 303] [179 304] [179 305] [179 306] 
[179 307] [179 308] [179 309] [179 310] [179 311] [179 312] [179 313] 
[179 314] [179 315] [179 316] [179 316] [179 317] [179 318] [179 319] 
[179 320] [179 321] [179 322] [179 323] [180 323] [180 324] [180 325] 
[180 326] [180 327] [181 327] [181 328] [181 329] [182 329] [182 330] 
[183 330] [184 330] [184 331] [185 331] [186 331] [186 331] 

		Begin Printing Seed information

Seed point: 176 192 	Path 0 21 	User path 0 8 0

Seed point: 179 211 	Path 22 97 	User path 8 31 8

Seed point: 179 286 	Path 98 128 	User path 31 53 31

Seed point: 179 316 	Path 129 151 	User path 53 81 53

Seed point: 186 331 	Path 152 173 	User path 81 105 81

Seed point: 206 332 	Path 174 174 	User path 124 124 124

---------------------

Print path: 



[176 192] [177 193] [178 193] [179 193] [179 194] [179 195] [179 196] 
[179 197] [179 198] [179 199] [179 200] [179 201] [179 202] [179 203] 
[179 204] [179 205] [179 206] [179 207] [179 208] [179 209] [179 210] 
[179 211] [179 211] [179 212] [179 213] [179 214] [179 215] [179 216] 
[179 217] [179 218] [179 219] [179 220] [179 221] [179 222] [179 223] 
[179 224] [179 225] [179 226] [179 227] [179 228] [179 229] [179 230] 
[179 231] [179 232] [179 233] [179 234] [179 235] [179 236] [179 237] 
[179 238] [179 239] [179 240] [179 241] [179 242] [179 243] [179 244] 
[179 245] [179 246] [179 247] [179 248] [179 249] [179 250] [179 251] 
[179 252] [179 253] [179 254] [179 255] [179 256] [179 257] [179 258] 
[179 259] [179 260] [179 261] [179 262] [179 263] [179 264] [179 265] 
[179 266] [179 267] [179 268] [179 269] [179 270] [179 271] [179 272] 
[179 273] [179 274] [179 275] [179 276] [179 277] [179 278] [179 279] 
[179 280] [179 281] [179 282] [179 283] [179 284] [179 285] [179 286] 
[179 286] [179 287] [179 288] [179 289] [179 290] [179 291] [179 292] 
[179 293] [179 294] [179 295] [179 296] [179 297] [179 298] [179 299] 
[179 300] [179 301] [179 302] [179 303] [179 304] [179 305] [179 306] 
[179 307] [179 308] [179 309] [179 310] [179 311] [179 312] [179 313] 
[179 314] [179 315] [179 316] [179 316] [179 317] [179 318] [179 319] 
[179 320] [179 321] [179 322] [179 323] [180 323] [180 324] [180 325] 
[180 326] [180 327] [181 327] [181 328] [181 329] [182 329] [182 330] 
[183 330] [184 330] [184 331] [185 331] [186 331] [186 331] [186 332] 
[187 332] [188 332] [189 332] [190 332] [191 332] [192 332] [193 332] 
[194 332] [195 332] [196 332] [197 332] [198 332] [199 332] [200 332] 
[201 332] [202 332] [203 332] [204 332] [205 332] [206 332] [206 332] 

		Begin Printing Seed information

Seed point: 176 192 	Path 0 21 	User path 0 8 0

Seed point: 179 211 	Path 22 97 	User path 8 31 8

Seed point: 179 286 	Path 98 128 	User path 31 53 31

Seed point: 179 316 	Path 129 151 	User path 53 81 53

Seed point: 186 331 	Path 152 173 	User path 81 105 81

Seed point: 206 332 	Path 174 206 	User path 105 126 105

Seed point: 238 332 	Path 207 207 	User path 146 146 146

---------------------

Print path: 



[176 192] [177 193] [178 193] [179 193] [179 194] [179 195] [179 196] 
[179 197] [179 198] [179 199] [179 200] [179 201] [179 202] [179 203] 
[179 204] [179 205] [179 206] [179 207] [179 208] [179 209] [179 210] 
[179 211] [179 211] [179 212] [179 213] [179 214] [179 215] [179 216] 
[179 217] [179 218] [179 219] [179 220] [179 221] [179 222] [179 223] 
[179 224] [179 225] [179 226] [179 227] [179 228] [179 229] [179 230] 
[179 231] [179 232] [179 233] [179 234] [179 235] [179 236] [179 237] 
[179 238] [179 239] [179 240] [179 241] [179 242] [179 243] [179 244] 
[179 245] [179 246] [179 247] [179 248] [179 249] [179 250] [179 251] 
[179 252] [179 253] [179 254] [179 255] [179 256] [179 257] [179 258] 
[179 259] [179 260] [179 261] [179 262] [179 263] [179 264] [179 265] 
[179 266] [179 267] [179 268] [179 269] [179 270] [179 271] [179 272] 
[179 273] [179 274] [179 275] [179 276] [179 277] [179 278] [179 279] 
[179 280] [179 281] [179 282] [179 283] [179 284] [179 285] [179 286] 
[179 286] [179 287] [179 288] [179 289] [179 290] [179 291] [179 292] 
[179 293] [179 294] [179 295] [179 296] [179 297] [179 298] [179 299] 
[179 300] [179 301] [179 302] [179 303] [179 304] [179 305] [179 306] 
[179 307] [179 308] [179 309] [179 310] [179 311] [179 312] [179 313] 
[179 314] [179 315] [179 316] [179 316] [179 317] [179 318] [179 319] 
[179 320] [179 321] [179 322] [179 323] [180 323] [180 324] [180 325] 
[180 326] [180 327] [181 327] [181 328] [181 329] [182 329] [182 330] 
[183 330] [184 330] [184 331] [185 331] [186 331] [186 331] [186 332] 
[187 332] [188 332] [189 332] [190 332] [191 332] [192 332] [193 332] 
[194 332] [195 332] [196 332] [197 332] [198 332] [199 332] [200 332] 
[201 332] [202 332] [203 332] [204 332] [205 332] [206 332] [206 332] 
[207 332] [208 332] [209 332] [210 332] [211 332] [212 332] [213 332] 
[214 332] [215 332] [216 332] [217 332] [218 332] [219 332] [220 332] 
[221 332] [222 332] [223 332] [224 332] [225 332] [226 332] [227 332] 
[228 332] [229 332] [230 332] [231 332] [232 332] [233 332] [234 332] 
[235 332] [236 332] [237 332] [238 332] [238 332] 

		Begin Printing Seed information

Seed point: 176 192 	Path 0 21 	User path 0 8 0

Seed point: 179 211 	Path 22 97 	User path 8 31 8

Seed point: 179 286 	Path 98 128 	User path 31 53 31

Seed point: 179 316 	Path 129 151 	User path 53 81 53

Seed point: 186 331 	Path 152 173 	User path 81 105 81

Seed point: 206 332 	Path 174 206 	User path 105 126 105

Seed point: 238 332 	Path 207 237 	User path 126 145 126

Seed point: 268 332 	Path 238 238 	User path 168 168 168

---------------------

Print path: 



[176 192] [177 193] [178 193] [179 193] [179 194] [179 195] [179 196] 
[179 197] [179 198] [179 199] [179 200] [179 201] [179 202] [179 203] 
[179 204] [179 205] [179 206] [179 207] [179 208] [179 209] [179 210] 
[179 211] [179 211] [179 212] [179 213] [179 214] [179 215] [179 216] 
[179 217] [179 218] [179 219] [179 220] [179 221] [179 222] [179 223] 
[179 224] [179 225] [179 226] [179 227] [179 228] [179 229] [179 230] 
[179 231] [179 232] [179 233] [179 234] [179 235] [179 236] [179 237] 
[179 238] [179 239] [179 240] [179 241] [179 242] [179 243] [179 244] 
[179 245] [179 246] [179 247] [179 248] [179 249] [179 250] [179 251] 
[179 252] [179 253] [179 254] [179 255] [179 256] [179 257] [179 258] 
[179 259] [179 260] [179 261] [179 262] [179 263] [179 264] [179 265] 
[179 266] [179 267] [179 268] [179 269] [179 270] [179 271] [179 272] 
[179 273] [179 274] [179 275] [179 276] [179 277] [179 278] [179 279] 
[179 280] [179 281] [179 282] [179 283] [179 284] [179 285] [179 286] 
[179 286] [179 287] [179 288] [179 289] [179 290] [179 291] [179 292] 
[179 293] [179 294] [179 295] [179 296] [179 297] [179 298] [179 299] 
[179 300] [179 301] [179 302] [179 303] [179 304] [179 305] [179 306] 
[179 307] [179 308] [179 309] [179 310] [179 311] [179 312] [179 313] 
[179 314] [179 315] [179 316] [179 316] [179 317] [179 318] [179 319] 
[179 320] [179 321] [179 322] [179 323] [180 323] [180 324] [180 325] 
[180 326] [180 327] [181 327] [181 328] [181 329] [182 329] [182 330] 
[183 330] [184 330] [184 331] [185 331] [186 331] [186 331] [186 332] 
[187 332] [188 332] [189 332] [190 332] [191 332] [192 332] [193 332] 
[194 332] [195 332] [196 332] [197 332] [198 332] [199 332] [200 332] 
[201 332] [202 332] [203 332] [204 332] [205 332] [206 332] [206 332] 
[207 332] [208 332] [209 332] [210 332] [211 332] [212 332] [213 332] 
[214 332] [215 332] [216 332] [217 332] [218 332] [219 332] [220 332] 
[221 332] [222 332] [223 332] [224 332] [225 332] [226 332] [227 332] 
[228 332] [229 332] [230 332] [231 332] [232 332] [233 332] [234 332] 
[235 332] [236 332] [237 332] [238 332] [238 332] [239 332] [240 332] 
[241 332] [242 332] [243 332] [244 332] [245 332] [246 332] [247 332] 
[248 332] [249 332] [250 332] [251 332] [252 332] [253 332] [254 332] 
[255 332] [256 332] [257 332] [258 332] [259 332] [260 332] [261 332] 
[262 332] [263 332] [264 332] [265 332] [266 332] [267 332] [268 332] 
[268 332] 

		Begin Printing Seed information

Seed point: 176 192 	Path 0 21 	User path 0 8 0

Seed point: 179 211 	Path 22 97 	User path 8 31 8

Seed point: 179 286 	Path 98 128 	User path 31 53 31

Seed point: 179 316 	Path 129 151 	User path 53 81 53

Seed point: 186 331 	Path 152 173 	User path 81 105 81

Seed point: 206 332 	Path 174 206 	User path 105 126 105

Seed point: 238 332 	Path 207 237 	User path 126 145 126

Seed point: 268 332 	Path 238 263 	User path 145 168 145

Seed point: 293 332 	Path 264 264 	User path 190 190 190

---------------------

Print path: 



[176 192] [177 193] [178 193] [179 193] [179 194] [179 195] [179 196] 
[179 197] [179 198] [179 199] [179 200] [179 201] [179 202] [179 203] 
[179 204] [179 205] [179 206] [179 207] [179 208] [179 209] [179 210] 
[179 211] [179 211] [179 212] [179 213] [179 214] [179 215] [179 216] 
[179 217] [179 218] [179 219] [179 220] [179 221] [179 222] [179 223] 
[179 224] [179 225] [179 226] [179 227] [179 228] [179 229] [179 230] 
[179 231] [179 232] [179 233] [179 234] [179 235] [179 236] [179 237] 
[179 238] [179 239] [179 240] [179 241] [179 242] [179 243] [179 244] 
[179 245] [179 246] [179 247] [179 248] [179 249] [179 250] [179 251] 
[179 252] [179 253] [179 254] [179 255] [179 256] [179 257] [179 258] 
[179 259] [179 260] [179 261] [179 262] [179 263] [179 264] [179 265] 
[179 266] [179 267] [179 268] [179 269] [179 270] [179 271] [179 272] 
[179 273] [179 274] [179 275] [179 276] [179 277] [179 278] [179 279] 
[179 280] [179 281] [179 282] [179 283] [179 284] [179 285] [179 286] 
[179 286] [179 287] [179 288] [179 289] [179 290] [179 291] [179 292] 
[179 293] [179 294] [179 295] [179 296] [179 297] [179 298] [179 299] 
[179 300] [179 301] [179 302] [179 303] [179 304] [179 305] [179 306] 
[179 307] [179 308] [179 309] [179 310] [179 311] [179 312] [179 313] 
[179 314] [179 315] [179 316] [179 316] [179 317] [179 318] [179 319] 
[179 320] [179 321] [179 322] [179 323] [180 323] [180 324] [180 325] 
[180 326] [180 327] [181 327] [181 328] [181 329] [182 329] [182 330] 
[183 330] [184 330] [184 331] [185 331] [186 331] [186 331] [186 332] 
[187 332] [188 332] [189 332] [190 332] [191 332] [192 332] [193 332] 
[194 332] [195 332] [196 332] [197 332] [198 332] [199 332] [200 332] 
[201 332] [202 332] [203 332] [204 332] [205 332] [206 332] [206 332] 
[207 332] [208 332] [209 332] [210 332] [211 332] [212 332] [213 332] 
[214 332] [215 332] [216 332] [217 332] [218 332] [219 332] [220 332] 
[221 332] [222 332] [223 332] [224 332] [225 332] [226 332] [227 332] 
[228 332] [229 332] [230 332] [231 332] [232 332] [233 332] [234 332] 
[235 332] [236 332] [237 332] [238 332] [238 332] [239 332] [240 332] 
[241 332] [242 332] [243 332] [244 332] [245 332] [246 332] [247 332] 
[248 332] [249 332] [250 332] [251 332] [252 332] [253 332] [254 332] 
[255 332] [256 332] [257 332] [258 332] [259 332] [260 332] [261 332] 
[262 332] [263 332] [264 332] [265 332] [266 332] [267 332] [268 332] 
[268 332] [269 332] [270 332] [271 332] [272 332] [273 332] [274 332] 
[275 332] [276 332] [277 332] [278 332] [279 332] [280 332] [281 332] 
[282 332] [283 332] [284 332] [285 332] [286 332] [287 332] [288 332] 
[289 332] [290 332] [291 332] [292 332] [293 332] [293 332] 

		Begin Printing Seed information

Seed point: 176 192 	Path 0 21 	User path 0 8 0

Seed point: 179 211 	Path 22 97 	User path 8 31 8

Seed point: 179 286 	Path 98 128 	User path 31 53 31

Seed point: 179 316 	Path 129 151 	User path 53 81 53

Seed point: 186 331 	Path 152 173 	User path 81 105 81

Seed point: 206 332 	Path 174 206 	User path 105 126 105

Seed point: 238 332 	Path 207 237 	User path 126 145 126

Seed point: 268 332 	Path 238 263 	User path 145 168 145

Seed point: 293 332 	Path 264 288 	User path 168 192 168

Seed point: 317 332 	Path 289 289 	User path 212 212 212

---------------------

Print path: 



[176 192] [177 193] [178 193] [179 193] [179 194] [179 195] [179 196] 
[179 197] [179 198] [179 199] [179 200] [179 201] [179 202] [179 203] 
[179 204] [179 205] [179 206] [179 207] [179 208] [179 209] [179 210] 
[179 211] [179 211] [179 212] [179 213] [179 214] [179 215] [179 216] 
[179 217] [179 218] [179 219] [179 220] [179 221] [179 222] [179 223] 
[179 224] [179 225] [179 226] [179 227] [179 228] [179 229] [179 230] 
[179 231] [179 232] [179 233] [179 234] [179 235] [179 236] [179 237] 
[179 238] [179 239] [179 240] [179 241] [179 242] [179 243] [179 244] 
[179 245] [179 246] [179 247] [179 248] [179 249] [179 250] [179 251] 
[179 252] [179 253] [179 254] [179 255] [179 256] [179 257] [179 258] 
[179 259] [179 260] [179 261] [179 262] [179 263] [179 264] [179 265] 
[179 266] [179 267] [179 268] [179 269] [179 270] [179 271] [179 272] 
[179 273] [179 274] [179 275] [179 276] [179 277] [179 278] [179 279] 
[179 280] [179 281] [179 282] [179 283] [179 284] [179 285] [179 286] 
[179 286] [179 287] [179 288] [179 289] [179 290] [179 291] [179 292] 
[179 293] [179 294] [179 295] [179 296] [179 297] [179 298] [179 299] 
[179 300] [179 301] [179 302] [179 303] [179 304] [179 305] [179 306] 
[179 307] [179 308] [179 309] [179 310] [179 311] [179 312] [179 313] 
[179 314] [179 315] [179 316] [179 316] [179 317] [179 318] [179 319] 
[179 320] [179 321] [179 322] [179 323] [180 323] [180 324] [180 325] 
[180 326] [180 327] [181 327] [181 328] [181 329] [182 329] [182 330] 
[183 330] [184 330] [184 331] [185 331] [186 331] [186 331] [186 332] 
[187 332] [188 332] [189 332] [190 332] [191 332] [192 332] [193 332] 
[194 332] [195 332] [196 332] [197 332] [198 332] [199 332] [200 332] 
[201 332] [202 332] [203 332] [204 332] [205 332] [206 332] [206 332] 
[207 332] [208 332] [209 332] [210 332] [211 332] [212 332] [213 332] 
[214 332] [215 332] [216 332] [217 332] [218 332] [219 332] [220 332] 
[221 332] [222 332] [223 332] [224 332] [225 332] [226 332] [227 332] 
[228 332] [229 332] [230 332] [231 332] [232 332] [233 332] [234 332] 
[235 332] [236 332] [237 332] [238 332] [238 332] [239 332] [240 332] 
[241 332] [242 332] [243 332] [244 332] [245 332] [246 332] [247 332] 
[248 332] [249 332] [250 332] [251 332] [252 332] [253 332] [254 332] 
[255 332] [256 332] [257 332] [258 332] [259 332] [260 332] [261 332] 
[262 332] [263 332] [264 332] [265 332] [266 332] [267 332] [268 332] 
[268 332] [269 332] [270 332] [271 332] [272 332] [273 332] [274 332] 
[275 332] [276 332] [277 332] [278 332] [279 332] [280 332] [281 332] 
[282 332] [283 332] [284 332] [285 332] [286 332] [287 332] [288 332] 
[289 332] [290 332] [291 332] [292 332] [293 332] [293 332] [294 332] 
[295 332] [296 332] [297 332] [298 332] [299 332] [300 332] [301 332] 
[302 332] [303 332] [304 332] [305 332] [306 332] [307 332] [308 332] 
[309 332] [310 332] [311 332] [312 332] [313 332] [314 332] [315 332] 
[316 332] [317 332] [317 332] 

		Begin Printing Seed information

Seed point: 176 192 	Path 0 21 	User path 0 8 0

Seed point: 179 211 	Path 22 97 	User path 8 31 8

Seed point: 179 286 	Path 98 128 	User path 31 53 31

Seed point: 179 316 	Path 129 151 	User path 53 81 53

Seed point: 186 331 	Path 152 173 	User path 81 105 81

Seed point: 206 332 	Path 174 206 	User path 105 126 105

Seed point: 238 332 	Path 207 237 	User path 126 145 126

Seed point: 268 332 	Path 238 263 	User path 145 168 145

Seed point: 293 332 	Path 264 288 	User path 168 192 168

Seed point: 317 332 	Path 289 309 	User path 192 220 192

Seed point: 328 323 	Path 310 310 	User path 240 240 240

---------------------

Print path: 



[176 192] [177 193] [178 193] [179 193] [179 194] [179 195] [179 196] 
[179 197] [179 198] [179 199] [179 200] [179 201] [179 202] [179 203] 
[179 204] [179 205] [179 206] [179 207] [179 208] [179 209] [179 210] 
[179 211] [179 211] [179 212] [179 213] [179 214] [179 215] [179 216] 
[179 217] [179 218] [179 219] [179 220] [179 221] [179 222] [179 223] 
[179 224] [179 225] [179 226] [179 227] [179 228] [179 229] [179 230] 
[179 231] [179 232] [179 233] [179 234] [179 235] [179 236] [179 237] 
[179 238] [179 239] [179 240] [179 241] [179 242] [179 243] [179 244] 
[179 245] [179 246] [179 247] [179 248] [179 249] [179 250] [179 251] 
[179 252] [179 253] [179 254] [179 255] [179 256] [179 257] [179 258] 
[179 259] [179 260] [179 261] [179 262] [179 263] [179 264] [179 265] 
[179 266] [179 267] [179 268] [179 269] [179 270] [179 271] [179 272] 
[179 273] [179 274] [179 275] [179 276] [179 277] [179 278] [179 279] 
[179 280] [179 281] [179 282] [179 283] [179 284] [179 285] [179 286] 
[179 286] [179 287] [179 288] [179 289] [179 290] [179 291] [179 292] 
[179 293] [179 294] [179 295] [179 296] [179 297] [179 298] [179 299] 
[179 300] [179 301] [179 302] [179 303] [179 304] [179 305] [179 306] 
[179 307] [179 308] [179 309] [179 310] [179 311] [179 312] [179 313] 
[179 314] [179 315] [179 316] [179 316] [179 317] [179 318] [179 319] 
[179 320] [179 321] [179 322] [179 323] [180 323] [180 324] [180 325] 
[180 326] [180 327] [181 327] [181 328] [181 329] [182 329] [182 330] 
[183 330] [184 330] [184 331] [185 331] [186 331] [186 331] [186 332] 
[187 332] [188 332] [189 332] [190 332] [191 332] [192 332] [193 332] 
[194 332] [195 332] [196 332] [197 332] [198 332] [199 332] [200 332] 
[201 332] [202 332] [203 332] [204 332] [205 332] [206 332] [206 332] 
[207 332] [208 332] [209 332] [210 332] [211 332] [212 332] [213 332] 
[214 332] [215 332] [216 332] [217 332] [218 332] [219 332] [220 332] 
[221 332] [222 332] [223 332] [224 332] [225 332] [226 332] [227 332] 
[228 332] [229 332] [230 332] [231 332] [232 332] [233 332] [234 332] 
[235 332] [236 332] [237 332] [238 332] [238 332] [239 332] [240 332] 
[241 332] [242 332] [243 332] [244 332] [245 332] [246 332] [247 332] 
[248 332] [249 332] [250 332] [251 332] [252 332] [253 332] [254 332] 
[255 332] [256 332] [257 332] [258 332] [259 332] [260 332] [261 332] 
[262 332] [263 332] [264 332] [265 332] [266 332] [267 332] [268 332] 
[268 332] [269 332] [270 332] [271 332] [272 332] [273 332] [274 332] 
[275 332] [276 332] [277 332] [278 332] [279 332] [280 332] [281 332] 
[282 332] [283 332] [284 332] [285 332] [286 332] [287 332] [288 332] 
[289 332] [290 332] [291 332] [292 332] [293 332] [293 332] [294 332] 
[295 332] [296 332] [297 332] [298 332] [299 332] [300 332] [301 332] 
[302 332] [303 332] [304 332] [305 332] [306 332] [307 332] [308 332] 
[309 332] [310 332] [311 332] [312 332] [313 332] [314 332] [315 332] 
[316 332] [317 332] [317 332] [318 332] [319 332] [320 332] [321 332] 
[322 332] [322 331] [323 331] [324 331] [324 330] [325 330] [326 330] 
[326 329] [326 328] [327 328] [327 327] [328 327] [328 326] [328 325] 
[328 324] [328 323] [328 323] 

		Begin Printing Seed information

Seed point: 176 192 	Path 0 21 	User path 0 8 0

Seed point: 179 211 	Path 22 97 	User path 8 31 8

Seed point: 179 286 	Path 98 128 	User path 31 53 31

Seed point: 179 316 	Path 129 151 	User path 53 81 53

Seed point: 186 331 	Path 152 173 	User path 81 105 81

Seed point: 206 332 	Path 174 206 	User path 105 126 105

Seed point: 238 332 	Path 207 237 	User path 126 145 126

Seed point: 268 332 	Path 238 263 	User path 145 168 145

Seed point: 293 332 	Path 264 288 	User path 168 192 168

Seed point: 317 332 	Path 289 309 	User path 192 220 192

Seed point: 328 323 	Path 310 330 	User path 220 245 220

Seed point: 329 304 	Path 331 331 	User path 265 265 265

---------------------

Print path: 



[176 192] [177 193] [178 193] [179 193] [179 194] [179 195] [179 196] 
[179 197] [179 198] [179 199] [179 200] [179 201] [179 202] [179 203] 
[179 204] [179 205] [179 206] [179 207] [179 208] [179 209] [179 210] 
[179 211] [179 211] [179 212] [179 213] [179 214] [179 215] [179 216] 
[179 217] [179 218] [179 219] [179 220] [179 221] [179 222] [179 223] 
[179 224] [179 225] [179 226] [179 227] [179 228] [179 229] [179 230] 
[179 231] [179 232] [179 233] [179 234] [179 235] [179 236] [179 237] 
[179 238] [179 239] [179 240] [179 241] [179 242] [179 243] [179 244] 
[179 245] [179 246] [179 247] [179 248] [179 249] [179 250] [179 251] 
[179 252] [179 253] [179 254] [179 255] [179 256] [179 257] [179 258] 
[179 259] [179 260] [179 261] [179 262] [179 263] [179 264] [179 265] 
[179 266] [179 267] [179 268] [179 269] [179 270] [179 271] [179 272] 
[179 273] [179 274] [179 275] [179 276] [179 277] [179 278] [179 279] 
[179 280] [179 281] [179 282] [179 283] [179 284] [179 285] [179 286] 
[179 286] [179 287] [179 288] [179 289] [179 290] [179 291] [179 292] 
[179 293] [179 294] [179 295] [179 296] [179 297] [179 298] [179 299] 
[179 300] [179 301] [179 302] [179 303] [179 304] [179 305] [179 306] 
[179 307] [179 308] [179 309] [179 310] [179 311] [179 312] [179 313] 
[179 314] [179 315] [179 316] [179 316] [179 317] [179 318] [179 319] 
[179 320] [179 321] [179 322] [179 323] [180 323] [180 324] [180 325] 
[180 326] [180 327] [181 327] [181 328] [181 329] [182 329] [182 330] 
[183 330] [184 330] [184 331] [185 331] [186 331] [186 331] [186 332] 
[187 332] [188 332] [189 332] [190 332] [191 332] [192 332] [193 332] 
[194 332] [195 332] [196 332] [197 332] [198 332] [199 332] [200 332] 
[201 332] [202 332] [203 332] [204 332] [205 332] [206 332] [206 332] 
[207 332] [208 332] [209 332] [210 332] [211 332] [212 332] [213 332] 
[214 332] [215 332] [216 332] [217 332] [218 332] [219 332] [220 332] 
[221 332] [222 332] [223 332] [224 332] [225 332] [226 332] [227 332] 
[228 332] [229 332] [230 332] [231 332] [232 332] [233 332] [234 332] 
[235 332] [236 332] [237 332] [238 332] [238 332] [239 332] [240 332] 
[241 332] [242 332] [243 332] [244 332] [245 332] [246 332] [247 332] 
[248 332] [249 332] [250 332] [251 332] [252 332] [253 332] [254 332] 
[255 332] [256 332] [257 332] [258 332] [259 332] [260 332] [261 332] 
[262 332] [263 332] [264 332] [265 332] [266 332] [267 332] [268 332] 
[268 332] [269 332] [270 332] [271 332] [272 332] [273 332] [274 332] 
[275 332] [276 332] [277 332] [278 332] [279 332] [280 332] [281 332] 
[282 332] [283 332] [284 332] [285 332] [286 332] [287 332] [288 332] 
[289 332] [290 332] [291 332] [292 332] [293 332] [293 332] [294 332] 
[295 332] [296 332] [297 332] [298 332] [299 332] [300 332] [301 332] 
[302 332] [303 332] [304 332] [305 332] [306 332] [307 332] [308 332] 
[309 332] [310 332] [311 332] [312 332] [313 332] [314 332] [315 332] 
[316 332] [317 332] [317 332] [318 332] [319 332] [320 332] [321 332] 
[322 332] [322 331] [323 331] [324 331] [324 330] [325 330] [326 330] 
[326 329] [326 328] [327 328] [327 327] [328 327] [328 326] [328 325] 
[328 324] [328 323] [328 323] [328 322] [329 322] [329 321] [329 320] 
[329 319] [329 318] [329 317] [329 316] [329 315] [329 314] [329 313] 
[329 312] [329 311] [329 310] [329 309] [329 308] [329 307] [329 306] 
[329 305] [329 304] [329 304] 

		Begin Printing Seed information

Seed point: 176 192 	Path 0 21 	User path 0 8 0

Seed point: 179 211 	Path 22 97 	User path 8 31 8

Seed point: 179 286 	Path 98 128 	User path 31 53 31

Seed point: 179 316 	Path 129 151 	User path 53 81 53

Seed point: 186 331 	Path 152 173 	User path 81 105 81

Seed point: 206 332 	Path 174 206 	User path 105 126 105

Seed point: 238 332 	Path 207 237 	User path 126 145 126

Seed point: 268 332 	Path 238 263 	User path 145 168 145

Seed point: 293 332 	Path 264 288 	User path 168 192 168

Seed point: 317 332 	Path 289 309 	User path 192 220 192

Seed point: 328 323 	Path 310 330 	User path 220 245 220

Seed point: 329 304 	Path 331 372 	User path 245 267 245

Seed point: 329 263 	Path 373 373 	User path 287 287 287

---------------------

Print path: 



[176 192] [177 193] [178 193] [179 193] [179 194] [179 195] [179 196] 
[179 197] [179 198] [179 199] [179 200] [179 201] [179 202] [179 203] 
[179 204] [179 205] [179 206] [179 207] [179 208] [179 209] [179 210] 
[179 211] [179 211] [179 212] [179 213] [179 214] [179 215] [179 216] 
[179 217] [179 218] [179 219] [179 220] [179 221] [179 222] [179 223] 
[179 224] [179 225] [179 226] [179 227] [179 228] [179 229] [179 230] 
[179 231] [179 232] [179 233] [179 234] [179 235] [179 236] [179 237] 
[179 238] [179 239] [179 240] [179 241] [179 242] [179 243] [179 244] 
[179 245] [179 246] [179 247] [179 248] [179 249] [179 250] [179 251] 
[179 252] [179 253] [179 254] [179 255] [179 256] [179 257] [179 258] 
[179 259] [179 260] [179 261] [179 262] [179 263] [179 264] [179 265] 
[179 266] [179 267] [179 268] [179 269] [179 270] [179 271] [179 272] 
[179 273] [179 274] [179 275] [179 276] [179 277] [179 278] [179 279] 
[179 280] [179 281] [179 282] [179 283] [179 284] [179 285] [179 286] 
[179 286] [179 287] [179 288] [179 289] [179 290] [179 291] [179 292] 
[179 293] [179 294] [179 295] [179 296] [179 297] [179 298] [179 299] 
[179 300] [179 301] [179 302] [179 303] [179 304] [179 305] [179 306] 
[179 307] [179 308] [179 309] [179 310] [179 311] [179 312] [179 313] 
[179 314] [179 315] [179 316] [179 316] [179 317] [179 318] [179 319] 
[179 320] [179 321] [179 322] [179 323] [180 323] [180 324] [180 325] 
[180 326] [180 327] [181 327] [181 328] [181 329] [182 329] [182 330] 
[183 330] [184 330] [184 331] [185 331] [186 331] [186 331] [186 332] 
[187 332] [188 332] [189 332] [190 332] [191 332] [192 332] [193 332] 
[194 332] [195 332] [196 332] [197 332] [198 332] [199 332] [200 332] 
[201 332] [202 332] [203 332] [204 332] [205 332] [206 332] [206 332] 
[207 332] [208 332] [209 332] [210 332] [211 332] [212 332] [213 332] 
[214 332] [215 332] [216 332] [217 332] [218 332] [219 332] [220 332] 
[221 332] [222 332] [223 332] [224 332] [225 332] [226 332] [227 332] 
[228 332] [229 332] [230 332] [231 332] [232 332] [233 332] [234 332] 
[235 332] [236 332] [237 332] [238 332] [238 332] [239 332] [240 332] 
[241 332] [242 332] [243 332] [244 332] [245 332] [246 332] [247 332] 
[248 332] [249 332] [250 332] [251 332] [252 332] [253 332] [254 332] 
[255 332] [256 332] [257 332] [258 332] [259 332] [260 332] [261 332] 
[262 332] [263 332] [264 332] [265 332] [266 332] [267 332] [268 332] 
[268 332] [269 332] [270 332] [271 332] [272 332] [273 332] [274 332] 
[275 332] [276 332] [277 332] [278 332] [279 332] [280 332] [281 332] 
[282 332] [283 332] [284 332] [285 332] [286 332] [287 332] [288 332] 
[289 332] [290 332] [291 332] [292 332] [293 332] [293 332] [294 332] 
[295 332] [296 332] [297 332] [298 332] [299 332] [300 332] [301 332] 
[302 332] [303 332] [304 332] [305 332] [306 332] [307 332] [308 332] 
[309 332] [310 332] [311 332] [312 332] [313 332] [314 332] [315 332] 
[316 332] [317 332] [317 332] [318 332] [319 332] [320 332] [321 332] 
[322 332] [322 331] [323 331] [324 331] [324 330] [325 330] [326 330] 
[326 329] [326 328] [327 328] [327 327] [328 327] [328 326] [328 325] 
[328 324] [328 323] [328 323] [328 322] [329 322] [329 321] [329 320] 
[329 319] [329 318] [329 317] [329 316] [329 315] [329 314] [329 313] 
[329 312] [329 311] [329 310] [329 309] [329 308] [329 307] [329 306] 
[329 305] [329 304] [329 304] [329 303] [329 302] [329 301] [329 300] 
[329 299] [329 298] [329 297] [329 296] [329 295] [329 294] [329 293] 
[329 292] [329 291] [329 290] [329 289] [329 288] [329 287] [329 286] 
[329 285] [329 284] [329 283] [329 282] [329 281] [329 280] [329 279] 
[329 278] [329 277] [329 276] [329 275] [329 274] [329 273] [329 272] 
[329 271] [329 270] [329 269] [329 268] [329 267] [329 266] [329 265] 
[329 264] [329 263] [329 263] 

		Begin Printing Seed information

Seed point: 176 192 	Path 0 21 	User path 0 8 0

Seed point: 179 211 	Path 22 97 	User path 8 31 8

Seed point: 179 286 	Path 98 128 	User path 31 53 31

Seed point: 179 316 	Path 129 151 	User path 53 81 53

Seed point: 186 331 	Path 152 173 	User path 81 105 81

Seed point: 206 332 	Path 174 206 	User path 105 126 105

Seed point: 238 332 	Path 207 237 	User path 126 145 126

Seed point: 268 332 	Path 238 263 	User path 145 168 145

Seed point: 293 332 	Path 264 288 	User path 168 192 168

Seed point: 317 332 	Path 289 309 	User path 192 220 192

Seed point: 328 323 	Path 310 330 	User path 220 245 220

Seed point: 329 304 	Path 331 372 	User path 245 267 245

Seed point: 329 263 	Path 373 432 	User path 267 289 267

Seed point: 329 204 	Path 433 433 	User path 309 309 309

---------------------

Print path: 



[176 192] [177 193] [178 193] [179 193] [179 194] [179 195] [179 196] 
[179 197] [179 198] [179 199] [179 200] [179 201] [179 202] [179 203] 
[179 204] [179 205] [179 206] [179 207] [179 208] [179 209] [179 210] 
[179 211] [179 211] [179 212] [179 213] [179 214] [179 215] [179 216] 
[179 217] [179 218] [179 219] [179 220] [179 221] [179 222] [179 223] 
[179 224] [179 225] [179 226] [179 227] [179 228] [179 229] [179 230] 
[179 231] [179 232] [179 233] [179 234] [179 235] [179 236] [179 237] 
[179 238] [179 239] [179 240] [179 241] [179 242] [179 243] [179 244] 
[179 245] [179 246] [179 247] [179 248] [179 249] [179 250] [179 251] 
[179 252] [179 253] [179 254] [179 255] [179 256] [179 257] [179 258] 
[179 259] [179 260] [179 261] [179 262] [179 263] [179 264] [179 265] 
[179 266] [179 267] [179 268] [179 269] [179 270] [179 271] [179 272] 
[179 273] [179 274] [179 275] [179 276] [179 277] [179 278] [179 279] 
[179 280] [179 281] [179 282] [179 283] [179 284] [179 285] [179 286] 
[179 286] [179 287] [179 288] [179 289] [179 290] [179 291] [179 292] 
[179 293] [179 294] [179 295] [179 296] [179 297] [179 298] [179 299] 
[179 300] [179 301] [179 302] [179 303] [179 304] [179 305] [179 306] 
[179 307] [179 308] [179 309] [179 310] [179 311] [179 312] [179 313] 
[179 314] [179 315] [179 316] [179 316] [179 317] [179 318] [179 319] 
[179 320] [179 321] [179 322] [179 323] [180 323] [180 324] [180 325] 
[180 326] [180 327] [181 327] [181 328] [181 329] [182 329] [182 330] 
[183 330] [184 330] [184 331] [185 331] [186 331] [186 331] [186 332] 
[187 332] [188 332] [189 332] [190 332] [191 332] [192 332] [193 332] 
[194 332] [195 332] [196 332] [197 332] [198 332] [199 332] [200 332] 
[201 332] [202 332] [203 332] [204 332] [205 332] [206 332] [206 332] 
[207 332] [208 332] [209 332] [210 332] [211 332] [212 332] [213 332] 
[214 332] [215 332] [216 332] [217 332] [218 332] [219 332] [220 332] 
[221 332] [222 332] [223 332] [224 332] [225 332] [226 332] [227 332] 
[228 332] [229 332] [230 332] [231 332] [232 332] [233 332] [234 332] 
[235 332] [236 332] [237 332] [238 332] [238 332] [239 332] [240 332] 
[241 332] [242 332] [243 332] [244 332] [245 332] [246 332] [247 332] 
[248 332] [249 332] [250 332] [251 332] [252 332] [253 332] [254 332] 
[255 332] [256 332] [257 332] [258 332] [259 332] [260 332] [261 332] 
[262 332] [263 332] [264 332] [265 332] [266 332] [267 332] [268 332] 
[268 332] [269 332] [270 332] [271 332] [272 332] [273 332] [274 332] 
[275 332] [276 332] [277 332] [278 332] [279 332] [280 332] [281 332] 
[282 332] [283 332] [284 332] [285 332] [286 332] [287 332] [288 332] 
[289 332] [290 332] [291 332] [292 332] [293 332] [293 332] [294 332] 
[295 332] [296 332] [297 332] [298 332] [299 332] [300 332] [301 332] 
[302 332] [303 332] [304 332] [305 332] [306 332] [307 332] [308 332] 
[309 332] [310 332] [311 332] [312 332] [313 332] [314 332] [315 332] 
[316 332] [317 332] [317 332] [318 332] [319 332] [320 332] [321 332] 
[322 332] [322 331] [323 331] [324 331] [324 330] [325 330] [326 330] 
[326 329] [326 328] [327 328] [327 327] [328 327] [328 326] [328 325] 
[328 324] [328 323] [328 323] [328 322] [329 322] [329 321] [329 320] 
[329 319] [329 318] [329 317] [329 316] [329 315] [329 314] [329 313] 
[329 312] [329 311] [329 310] [329 309] [329 308] [329 307] [329 306] 
[329 305] [329 304] [329 304] [329 303] [329 302] [329 301] [329 300] 
[329 299] [329 298] [329 297] [329 296] [329 295] [329 294] [329 293] 
[329 292] [329 291] [329 290] [329 289] [329 288] [329 287] [329 286] 
[329 285] [329 284] [329 283] [329 282] [329 281] [329 280] [329 279] 
[329 278] [329 277] [329 276] [329 275] [329 274] [329 273] [329 272] 
[329 271] [329 270] [329 269] [329 268] [329 267] [329 266] [329 265] 
[329 264] [329 263] [329 263] [329 262] [329 261] [329 260] [329 259] 
[329 258] [329 257] [329 256] [329 255] [329 254] [329 253] [329 252] 
[329 251] [329 250] [329 249] [329 248] [329 247] [329 246] [329 245] 
[329 244] [329 243] [329 242] [329 241] [329 240] [329 239] [329 238] 
[329 237] [329 236] [329 235] [329 234] [329 233] [329 232] [329 231] 
[329 230] [329 229] [329 228] [329 227] [329 226] [329 225] [329 224] 
[329 223] [329 222] [329 221] [329 220] [329 219] [329 218] [329 217] 
[329 216] [329 215] [329 214] [329 213] [329 212] [329 211] [329 210] 
[329 209] [329 208] [329 207] [329 206] [329 205] [329 204] [329 204] 

		Begin Printing Seed information

Seed point: 176 192 	Path 0 21 	User path 0 8 0

Seed point: 179 211 	Path 22 97 	User path 8 31 8

Seed point: 179 286 	Path 98 128 	User path 31 53 31

Seed point: 179 316 	Path 129 151 	User path 53 81 53

Seed point: 186 331 	Path 152 173 	User path 81 105 81

Seed point: 206 332 	Path 174 206 	User path 105 126 105

Seed point: 238 332 	Path 207 237 	User path 126 145 126

Seed point: 268 332 	Path 238 263 	User path 145 168 145

Seed point: 293 332 	Path 264 288 	User path 168 192 168

Seed point: 317 332 	Path 289 309 	User path 192 220 192

Seed point: 328 323 	Path 310 330 	User path 220 245 220

Seed point: 329 304 	Path 331 372 	User path 245 267 245

Seed point: 329 263 	Path 373 432 	User path 267 289 267

Seed point: 329 204 	Path 433 457 	User path 289 318 289

Seed point: 328 181 	Path 458 458 	User path 338 338 338

---------------------

Print path: 



[176 192] [177 193] [178 193] [179 193] [179 194] [179 195] [179 196] 
[179 197] [179 198] [179 199] [179 200] [179 201] [179 202] [179 203] 
[179 204] [179 205] [179 206] [179 207] [179 208] [179 209] [179 210] 
[179 211] [179 211] [179 212] [179 213] [179 214] [179 215] [179 216] 
[179 217] [179 218] [179 219] [179 220] [179 221] [179 222] [179 223] 
[179 224] [179 225] [179 226] [179 227] [179 228] [179 229] [179 230] 
[179 231] [179 232] [179 233] [179 234] [179 235] [179 236] [179 237] 
[179 238] [179 239] [179 240] [179 241] [179 242] [179 243] [179 244] 
[179 245] [179 246] [179 247] [179 248] [179 249] [179 250] [179 251] 
[179 252] [179 253] [179 254] [179 255] [179 256] [179 257] [179 258] 
[179 259] [179 260] [179 261] [179 262] [179 263] [179 264] [179 265] 
[179 266] [179 267] [179 268] [179 269] [179 270] [179 271] [179 272] 
[179 273] [179 274] [179 275] [179 276] [179 277] [179 278] [179 279] 
[179 280] [179 281] [179 282] [179 283] [179 284] [179 285] [179 286] 
[179 286] [179 287] [179 288] [179 289] [179 290] [179 291] [179 292] 
[179 293] [179 294] [179 295] [179 296] [179 297] [179 298] [179 299] 
[179 300] [179 301] [179 302] [179 303] [179 304] [179 305] [179 306] 
[179 307] [179 308] [179 309] [179 310] [179 311] [179 312] [179 313] 
[179 314] [179 315] [179 316] [179 316] [179 317] [179 318] [179 319] 
[179 320] [179 321] [179 322] [179 323] [180 323] [180 324] [180 325] 
[180 326] [180 327] [181 327] [181 328] [181 329] [182 329] [182 330] 
[183 330] [184 330] [184 331] [185 331] [186 331] [186 331] [186 332] 
[187 332] [188 332] [189 332] [190 332] [191 332] [192 332] [193 332] 
[194 332] [195 332] [196 332] [197 332] [198 332] [199 332] [200 332] 
[201 332] [202 332] [203 332] [204 332] [205 332] [206 332] [206 332] 
[207 332] [208 332] [209 332] [210 332] [211 332] [212 332] [213 332] 
[214 332] [215 332] [216 332] [217 332] [218 332] [219 332] [220 332] 
[221 332] [222 332] [223 332] [224 332] [225 332] [226 332] [227 332] 
[228 332] [229 332] [230 332] [231 332] [232 332] [233 332] [234 332] 
[235 332] [236 332] [237 332] [238 332] [238 332] [239 332] [240 332] 
[241 332] [242 332] [243 332] [244 332] [245 332] [246 332] [247 332] 
[248 332] [249 332] [250 332] [251 332] [252 332] [253 332] [254 332] 
[255 332] [256 332] [257 332] [258 332] [259 332] [260 332] [261 332] 
[262 332] [263 332] [264 332] [265 332] [266 332] [267 332] [268 332] 
[268 332] [269 332] [270 332] [271 332] [272 332] [273 332] [274 332] 
[275 332] [276 332] [277 332] [278 332] [279 332] [280 332] [281 332] 
[282 332] [283 332] [284 332] [285 332] [286 332] [287 332] [288 332] 
[289 332] [290 332] [291 332] [292 332] [293 332] [293 332] [294 332] 
[295 332] [296 332] [297 332] [298 332] [299 332] [300 332] [301 332] 
[302 332] [303 332] [304 332] [305 332] [306 332] [307 332] [308 332] 
[309 332] [310 332] [311 332] [312 332] [313 332] [314 332] [315 332] 
[316 332] [317 332] [317 332] [318 332] [319 332] [320 332] [321 332] 
[322 332] [322 331] [323 331] [324 331] [324 330] [325 330] [326 330] 
[326 329] [326 328] [327 328] [327 327] [328 327] [328 326] [328 325] 
[328 324] [328 323] [328 323] [328 322] [329 322] [329 321] [329 320] 
[329 319] [329 318] [329 317] [329 316] [329 315] [329 314] [329 313] 
[329 312] [329 311] [329 310] [329 309] [329 308] [329 307] [329 306] 
[329 305] [329 304] [329 304] [329 303] [329 302] [329 301] [329 300] 
[329 299] [329 298] [329 297] [329 296] [329 295] [329 294] [329 293] 
[329 292] [329 291] [329 290] [329 289] [329 288] [329 287] [329 286] 
[329 285] [329 284] [329 283] [329 282] [329 281] [329 280] [329 279] 
[329 278] [329 277] [329 276] [329 275] [329 274] [329 273] [329 272] 
[329 271] [329 270] [329 269] [329 268] [329 267] [329 266] [329 265] 
[329 264] [329 263] [329 263] [329 262] [329 261] [329 260] [329 259] 
[329 258] [329 257] [329 256] [329 255] [329 254] [329 253] [329 252] 
[329 251] [329 250] [329 249] [329 248] [329 247] [329 246] [329 245] 
[329 244] [329 243] [329 242] [329 241] [329 240] [329 239] [329 238] 
[329 237] [329 236] [329 235] [329 234] [329 233] [329 232] [329 231] 
[329 230] [329 229] [329 228] [329 227] [329 226] [329 225] [329 224] 
[329 223] [329 222] [329 221] [329 220] [329 219] [329 218] [329 217] 
[329 216] [329 215] [329 214] [329 213] [329 212] [329 211] [329 210] 
[329 209] [329 208] [329 207] [329 206] [329 205] [329 204] [329 204] 
[329 203] [329 202] [329 201] [329 200] [329 199] [329 198] [329 197] 
[329 196] [329 195] [329 194] [329 193] [329 192] [329 191] [329 190] 
[329 189] [329 188] [329 187] [329 186] [329 185] [328 185] [328 184] 
[328 183] [328 182] [328 181] [328 181] 

		Begin Printing Seed information

Seed point: 176 192 	Path 0 21 	User path 0 8 0

Seed point: 179 211 	Path 22 97 	User path 8 31 8

Seed point: 179 286 	Path 98 128 	User path 31 53 31

Seed point: 179 316 	Path 129 151 	User path 53 81 53

Seed point: 186 331 	Path 152 173 	User path 81 105 81

Seed point: 206 332 	Path 174 206 	User path 105 126 105

Seed point: 238 332 	Path 207 237 	User path 126 145 126

Seed point: 268 332 	Path 238 263 	User path 145 168 145

Seed point: 293 332 	Path 264 288 	User path 168 192 168

Seed point: 317 332 	Path 289 309 	User path 192 220 192

Seed point: 328 323 	Path 310 330 	User path 220 245 220

Seed point: 329 304 	Path 331 372 	User path 245 267 245

Seed point: 329 263 	Path 373 432 	User path 267 289 267

Seed point: 329 204 	Path 433 457 	User path 289 318 289

Seed point: 328 181 	Path 458 479 	User path 318 343 318

Seed point: 313 175 	Path 480 480 	User path 360 360 360

---------------------

Print path: 



[176 192] [177 193] [178 193] [179 193] [179 194] [179 195] [179 196] 
[179 197] [179 198] [179 199] [179 200] [179 201] [179 202] [179 203] 
[179 204] [179 205] [179 206] [179 207] [179 208] [179 209] [179 210] 
[179 211] [179 211] [179 212] [179 213] [179 214] [179 215] [179 216] 
[179 217] [179 218] [179 219] [179 220] [179 221] [179 222] [179 223] 
[179 224] [179 225] [179 226] [179 227] [179 228] [179 229] [179 230] 
[179 231] [179 232] [179 233] [179 234] [179 235] [179 236] [179 237] 
[179 238] [179 239] [179 240] [179 241] [179 242] [179 243] [179 244] 
[179 245] [179 246] [179 247] [179 248] [179 249] [179 250] [179 251] 
[179 252] [179 253] [179 254] [179 255] [179 256] [179 257] [179 258] 
[179 259] [179 260] [179 261] [179 262] [179 263] [179 264] [179 265] 
[179 266] [179 267] [179 268] [179 269] [179 270] [179 271] [179 272] 
[179 273] [179 274] [179 275] [179 276] [179 277] [179 278] [179 279] 
[179 280] [179 281] [179 282] [179 283] [179 284] [179 285] [179 286] 
[179 286] [179 287] [179 288] [179 289] [179 290] [179 291] [179 292] 
[179 293] [179 294] [179 295] [179 296] [179 297] [179 298] [179 299] 
[179 300] [179 301] [179 302] [179 303] [179 304] [179 305] [179 306] 
[179 307] [179 308] [179 309] [179 310] [179 311] [179 312] [179 313] 
[179 314] [179 315] [179 316] [179 316] [179 317] [179 318] [179 319] 
[179 320] [179 321] [179 322] [179 323] [180 323] [180 324] [180 325] 
[180 326] [180 327] [181 327] [181 328] [181 329] [182 329] [182 330] 
[183 330] [184 330] [184 331] [185 331] [186 331] [186 331] [186 332] 
[187 332] [188 332] [189 332] [190 332] [191 332] [192 332] [193 332] 
[194 332] [195 332] [196 332] [197 332] [198 332] [199 332] [200 332] 
[201 332] [202 332] [203 332] [204 332] [205 332] [206 332] [206 332] 
[207 332] [208 332] [209 332] [210 332] [211 332] [212 332] [213 332] 
[214 332] [215 332] [216 332] [217 332] [218 332] [219 332] [220 332] 
[221 332] [222 332] [223 332] [224 332] [225 332] [226 332] [227 332] 
[228 332] [229 332] [230 332] [231 332] [232 332] [233 332] [234 332] 
[235 332] [236 332] [237 332] [238 332] [238 332] [239 332] [240 332] 
[241 332] [242 332] [243 332] [244 332] [245 332] [246 332] [247 332] 
[248 332] [249 332] [250 332] [251 332] [252 332] [253 332] [254 332] 
[255 332] [256 332] [257 332] [258 332] [259 332] [260 332] [261 332] 
[262 332] [263 332] [264 332] [265 332] [266 332] [267 332] [268 332] 
[268 332] [269 332] [270 332] [271 332] [272 332] [273 332] [274 332] 
[275 332] [276 332] [277 332] [278 332] [279 332] [280 332] [281 332] 
[282 332] [283 332] [284 332] [285 332] [286 332] [287 332] [288 332] 
[289 332] [290 332] [291 332] [292 332] [293 332] [293 332] [294 332] 
[295 332] [296 332] [297 332] [298 332] [299 332] [300 332] [301 332] 
[302 332] [303 332] [304 332] [305 332] [306 332] [307 332] [308 332] 
[309 332] [310 332] [311 332] [312 332] [313 332] [314 332] [315 332] 
[316 332] [317 332] [317 332] [318 332] [319 332] [320 332] [321 332] 
[322 332] [322 331] [323 331] [324 331] [324 330] [325 330] [326 330] 
[326 329] [326 328] [327 328] [327 327] [328 327] [328 326] [328 325] 
[328 324] [328 323] [328 323] [328 322] [329 322] [329 321] [329 320] 
[329 319] [329 318] [329 317] [329 316] [329 315] [329 314] [329 313] 
[329 312] [329 311] [329 310] [329 309] [329 308] [329 307] [329 306] 
[329 305] [329 304] [329 304] [329 303] [329 302] [329 301] [329 300] 
[329 299] [329 298] [329 297] [329 296] [329 295] [329 294] [329 293] 
[329 292] [329 291] [329 290] [329 289] [329 288] [329 287] [329 286] 
[329 285] [329 284] [329 283] [329 282] [329 281] [329 280] [329 279] 
[329 278] [329 277] [329 276] [329 275] [329 274] [329 273] [329 272] 
[329 271] [329 270] [329 269] [329 268] [329 267] [329 266] [329 265] 
[329 264] [329 263] [329 263] [329 262] [329 261] [329 260] [329 259] 
[329 258] [329 257] [329 256] [329 255] [329 254] [329 253] [329 252] 
[329 251] [329 250] [329 249] [329 248] [329 247] [329 246] [329 245] 
[329 244] [329 243] [329 242] [329 241] [329 240] [329 239] [329 238] 
[329 237] [329 236] [329 235] [329 234] [329 233] [329 232] [329 231] 
[329 230] [329 229] [329 228] [329 227] [329 226] [329 225] [329 224] 
[329 223] [329 222] [329 221] [329 220] [329 219] [329 218] [329 217] 
[329 216] [329 215] [329 214] [329 213] [329 212] [329 211] [329 210] 
[329 209] [329 208] [329 207] [329 206] [329 205] [329 204] [329 204] 
[329 203] [329 202] [329 201] [329 200] [329 199] [329 198] [329 197] 
[329 196] [329 195] [329 194] [329 193] [329 192] [329 191] [329 190] 
[329 189] [329 188] [329 187] [329 186] [329 185] [328 185] [328 184] 
[328 183] [328 182] [328 181] [328 181] [328 180] [327 180] [327 179] 
[327 178] [326 178] [326 177] [325 177] [324 177] [324 176] [323 176] 
[322 176] [322 175] [321 175] [320 175] [319 175] [318 175] [317 175] 
[316 175] [315 175] [314 175] [313 175] [313 175] 

		Begin Printing Seed information

Seed point: 176 192 	Path 0 21 	User path 0 8 0

Seed point: 179 211 	Path 22 97 	User path 8 31 8

Seed point: 179 286 	Path 98 128 	User path 31 53 31

Seed point: 179 316 	Path 129 151 	User path 53 81 53

Seed point: 186 331 	Path 152 173 	User path 81 105 81

Seed point: 206 332 	Path 174 206 	User path 105 126 105

Seed point: 238 332 	Path 207 237 	User path 126 145 126

Seed point: 268 332 	Path 238 263 	User path 145 168 145

Seed point: 293 332 	Path 264 288 	User path 168 192 168

Seed point: 317 332 	Path 289 309 	User path 192 220 192

Seed point: 328 323 	Path 310 330 	User path 220 245 220

Seed point: 329 304 	Path 331 372 	User path 245 267 245

Seed point: 329 263 	Path 373 432 	User path 267 289 267

Seed point: 329 204 	Path 433 457 	User path 289 318 289

Seed point: 328 181 	Path 458 479 	User path 318 343 318

Seed point: 313 175 	Path 480 500 	User path 343 366 343

Seed point: 293 175 	Path 501 501 	User path 386 386 386

---------------------

Print path: 



[176 192] [177 193] [178 193] [179 193] [179 194] [179 195] [179 196] 
[179 197] [179 198] [179 199] [179 200] [179 201] [179 202] [179 203] 
[179 204] [179 205] [179 206] [179 207] [179 208] [179 209] [179 210] 
[179 211] [179 211] [179 212] [179 213] [179 214] [179 215] [179 216] 
[179 217] [179 218] [179 219] [179 220] [179 221] [179 222] [179 223] 
[179 224] [179 225] [179 226] [179 227] [179 228] [179 229] [179 230] 
[179 231] [179 232] [179 233] [179 234] [179 235] [179 236] [179 237] 
[179 238] [179 239] [179 240] [179 241] [179 242] [179 243] [179 244] 
[179 245] [179 246] [179 247] [179 248] [179 249] [179 250] [179 251] 
[179 252] [179 253] [179 254] [179 255] [179 256] [179 257] [179 258] 
[179 259] [179 260] [179 261] [179 262] [179 263] [179 264] [179 265] 
[179 266] [179 267] [179 268] [179 269] [179 270] [179 271] [179 272] 
[179 273] [179 274] [179 275] [179 276] [179 277] [179 278] [179 279] 
[179 280] [179 281] [179 282] [179 283] [179 284] [179 285] [179 286] 
[179 286] [179 287] [179 288] [179 289] [179 290] [179 291] [179 292] 
[179 293] [179 294] [179 295] [179 296] [179 297] [179 298] [179 299] 
[179 300] [179 301] [179 302] [179 303] [179 304] [179 305] [179 306] 
[179 307] [179 308] [179 309] [179 310] [179 311] [179 312] [179 313] 
[179 314] [179 315] [179 316] [179 316] [179 317] [179 318] [179 319] 
[179 320] [179 321] [179 322] [179 323] [180 323] [180 324] [180 325] 
[180 326] [180 327] [181 327] [181 328] [181 329] [182 329] [182 330] 
[183 330] [184 330] [184 331] [185 331] [186 331] [186 331] [186 332] 
[187 332] [188 332] [189 332] [190 332] [191 332] [192 332] [193 332] 
[194 332] [195 332] [196 332] [197 332] [198 332] [199 332] [200 332] 
[201 332] [202 332] [203 332] [204 332] [205 332] [206 332] [206 332] 
[207 332] [208 332] [209 332] [210 332] [211 332] [212 332] [213 332] 
[214 332] [215 332] [216 332] [217 332] [218 332] [219 332] [220 332] 
[221 332] [222 332] [223 332] [224 332] [225 332] [226 332] [227 332] 
[228 332] [229 332] [230 332] [231 332] [232 332] [233 332] [234 332] 
[235 332] [236 332] [237 332] [238 332] [238 332] [239 332] [240 332] 
[241 332] [242 332] [243 332] [244 332] [245 332] [246 332] [247 332] 
[248 332] [249 332] [250 332] [251 332] [252 332] [253 332] [254 332] 
[255 332] [256 332] [257 332] [258 332] [259 332] [260 332] [261 332] 
[262 332] [263 332] [264 332] [265 332] [266 332] [267 332] [268 332] 
[268 332] [269 332] [270 332] [271 332] [272 332] [273 332] [274 332] 
[275 332] [276 332] [277 332] [278 332] [279 332] [280 332] [281 332] 
[282 332] [283 332] [284 332] [285 332] [286 332] [287 332] [288 332] 
[289 332] [290 332] [291 332] [292 332] [293 332] [293 332] [294 332] 
[295 332] [296 332] [297 332] [298 332] [299 332] [300 332] [301 332] 
[302 332] [303 332] [304 332] [305 332] [306 332] [307 332] [308 332] 
[309 332] [310 332] [311 332] [312 332] [313 332] [314 332] [315 332] 
[316 332] [317 332] [317 332] [318 332] [319 332] [320 332] [321 332] 
[322 332] [322 331] [323 331] [324 331] [324 330] [325 330] [326 330] 
[326 329] [326 328] [327 328] [327 327] [328 327] [328 326] [328 325] 
[328 324] [328 323] [328 323] [328 322] [329 322] [329 321] [329 320] 
[329 319] [329 318] [329 317] [329 316] [329 315] [329 314] [329 313] 
[329 312] [329 311] [329 310] [329 309] [329 308] [329 307] [329 306] 
[329 305] [329 304] [329 304] [329 303] [329 302] [329 301] [329 300] 
[329 299] [329 298] [329 297] [329 296] [329 295] [329 294] [329 293] 
[329 292] [329 291] [329 290] [329 289] [329 288] [329 287] [329 286] 
[329 285] [329 284] [329 283] [329 282] [329 281] [329 280] [329 279] 
[329 278] [329 277] [329 276] [329 275] [329 274] [329 273] [329 272] 
[329 271] [329 270] [329 269] [329 268] [329 267] [329 266] [329 265] 
[329 264] [329 263] [329 263] [329 262] [329 261] [329 260] [329 259] 
[329 258] [329 257] [329 256] [329 255] [329 254] [329 253] [329 252] 
[329 251] [329 250] [329 249] [329 248] [329 247] [329 246] [329 245] 
[329 244] [329 243] [329 242] [329 241] [329 240] [329 239] [329 238] 
[329 237] [329 236] [329 235] [329 234] [329 233] [329 232] [329 231] 
[329 230] [329 229] [329 228] [329 227] [329 226] [329 225] [329 224] 
[329 223] [329 222] [329 221] [329 220] [329 219] [329 218] [329 217] 
[329 216] [329 215] [329 214] [329 213] [329 212] [329 211] [329 210] 
[329 209] [329 208] [329 207] [329 206] [329 205] [329 204] [329 204] 
[329 203] [329 202] [329 201] [329 200] [329 199] [329 198] [329 197] 
[329 196] [329 195] [329 194] [329 193] [329 192] [329 191] [329 190] 
[329 189] [329 188] [329 187] [329 186] [329 185] [328 185] [328 184] 
[328 183] [328 182] [328 181] [328 181] [328 180] [327 180] [327 179] 
[327 178] [326 178] [326 177] [325 177] [324 177] [324 176] [323 176] 
[322 176] [322 175] [321 175] [320 175] [319 175] [318 175] [317 175] 
[316 175] [315 175] [314 175] [313 175] [313 175] [312 175] [311 175] 
[310 175] [309 175] [308 175] [307 175] [306 175] [305 175] [304 175] 
[303 175] [302 175] [301 175] [300 175] [299 175] [298 175] [297 175] 
[296 175] [295 175] [294 175] [293 175] [293 175] 

		Begin Printing Seed information

Seed point: 176 192 	Path 0 21 	User path 0 8 0

Seed point: 179 211 	Path 22 97 	User path 8 31 8

Seed point: 179 286 	Path 98 128 	User path 31 53 31

Seed point: 179 316 	Path 129 151 	User path 53 81 53

Seed point: 186 331 	Path 152 173 	User path 81 105 81

Seed point: 206 332 	Path 174 206 	User path 105 126 105

Seed point: 238 332 	Path 207 237 	User path 126 145 126

Seed point: 268 332 	Path 238 263 	User path 145 168 145

Seed point: 293 332 	Path 264 288 	User path 168 192 168

Seed point: 317 332 	Path 289 309 	User path 192 220 192

Seed point: 328 323 	Path 310 330 	User path 220 245 220

Seed point: 329 304 	Path 331 372 	User path 245 267 245

Seed point: 329 263 	Path 373 432 	User path 267 289 267

Seed point: 329 204 	Path 433 457 	User path 289 318 289

Seed point: 328 181 	Path 458 479 	User path 318 343 318

Seed point: 313 175 	Path 480 500 	User path 343 366 343

Seed point: 293 175 	Path 501 537 	User path 366 388 366

Seed point: 257 175 	Path 538 538 	User path 408 408 408

---------------------

Print path: 



[176 192] [177 193] [178 193] [179 193] [179 194] [179 195] [179 196] 
[179 197] [179 198] [179 199] [179 200] [179 201] [179 202] [179 203] 
[179 204] [179 205] [179 206] [179 207] [179 208] [179 209] [179 210] 
[179 211] [179 211] [179 212] [179 213] [179 214] [179 215] [179 216] 
[179 217] [179 218] [179 219] [179 220] [179 221] [179 222] [179 223] 
[179 224] [179 225] [179 226] [179 227] [179 228] [179 229] [179 230] 
[179 231] [179 232] [179 233] [179 234] [179 235] [179 236] [179 237] 
[179 238] [179 239] [179 240] [179 241] [179 242] [179 243] [179 244] 
[179 245] [179 246] [179 247] [179 248] [179 249] [179 250] [179 251] 
[179 252] [179 253] [179 254] [179 255] [179 256] [179 257] [179 258] 
[179 259] [179 260] [179 261] [179 262] [179 263] [179 264] [179 265] 
[179 266] [179 267] [179 268] [179 269] [179 270] [179 271] [179 272] 
[179 273] [179 274] [179 275] [179 276] [179 277] [179 278] [179 279] 
[179 280] [179 281] [179 282] [179 283] [179 284] [179 285] [179 286] 
[179 286] [179 287] [179 288] [179 289] [179 290] [179 291] [179 292] 
[179 293] [179 294] [179 295] [179 296] [179 297] [179 298] [179 299] 
[179 300] [179 301] [179 302] [179 303] [179 304] [179 305] [179 306] 
[179 307] [179 308] [179 309] [179 310] [179 311] [179 312] [179 313] 
[179 314] [179 315] [179 316] [179 316] [179 317] [179 318] [179 319] 
[179 320] [179 321] [179 322] [179 323] [180 323] [180 324] [180 325] 
[180 326] [180 327] [181 327] [181 328] [181 329] [182 329] [182 330] 
[183 330] [184 330] [184 331] [185 331] [186 331] [186 331] [186 332] 
[187 332] [188 332] [189 332] [190 332] [191 332] [192 332] [193 332] 
[194 332] [195 332] [196 332] [197 332] [198 332] [199 332] [200 332] 
[201 332] [202 332] [203 332] [204 332] [205 332] [206 332] [206 332] 
[207 332] [208 332] [209 332] [210 332] [211 332] [212 332] [213 332] 
[214 332] [215 332] [216 332] [217 332] [218 332] [219 332] [220 332] 
[221 332] [222 332] [223 332] [224 332] [225 332] [226 332] [227 332] 
[228 332] [229 332] [230 332] [231 332] [232 332] [233 332] [234 332] 
[235 332] [236 332] [237 332] [238 332] [238 332] [239 332] [240 332] 
[241 332] [242 332] [243 332] [244 332] [245 332] [246 332] [247 332] 
[248 332] [249 332] [250 332] [251 332] [252 332] [253 332] [254 332] 
[255 332] [256 332] [257 332] [258 332] [259 332] [260 332] [261 332] 
[262 332] [263 332] [264 332] [265 332] [266 332] [267 332] [268 332] 
[268 332] [269 332] [270 332] [271 332] [272 332] [273 332] [274 332] 
[275 332] [276 332] [277 332] [278 332] [279 332] [280 332] [281 332] 
[282 332] [283 332] [284 332] [285 332] [286 332] [287 332] [288 332] 
[289 332] [290 332] [291 332] [292 332] [293 332] [293 332] [294 332] 
[295 332] [296 332] [297 332] [298 332] [299 332] [300 332] [301 332] 
[302 332] [303 332] [304 332] [305 332] [306 332] [307 332] [308 332] 
[309 332] [310 332] [311 332] [312 332] [313 332] [314 332] [315 332] 
[316 332] [317 332] [317 332] [318 332] [319 332] [320 332] [321 332] 
[322 332] [322 331] [323 331] [324 331] [324 330] [325 330] [326 330] 
[326 329] [326 328] [327 328] [327 327] [328 327] [328 326] [328 325] 
[328 324] [328 323] [328 323] [328 322] [329 322] [329 321] [329 320] 
[329 319] [329 318] [329 317] [329 316] [329 315] [329 314] [329 313] 
[329 312] [329 311] [329 310] [329 309] [329 308] [329 307] [329 306] 
[329 305] [329 304] [329 304] [329 303] [329 302] [329 301] [329 300] 
[329 299] [329 298] [329 297] [329 296] [329 295] [329 294] [329 293] 
[329 292] [329 291] [329 290] [329 289] [329 288] [329 287] [329 286] 
[329 285] [329 284] [329 283] [329 282] [329 281] [329 280] [329 279] 
[329 278] [329 277] [329 276] [329 275] [329 274] [329 273] [329 272] 
[329 271] [329 270] [329 269] [329 268] [329 267] [329 266] [329 265] 
[329 264] [329 263] [329 263] [329 262] [329 261] [329 260] [329 259] 
[329 258] [329 257] [329 256] [329 255] [329 254] [329 253] [329 252] 
[329 251] [329 250] [329 249] [329 248] [329 247] [329 246] [329 245] 
[329 244] [329 243] [329 242] [329 241] [329 240] [329 239] [329 238] 
[329 237] [329 236] [329 235] [329 234] [329 233] [329 232] [329 231] 
[329 230] [329 229] [329 228] [329 227] [329 226] [329 225] [329 224] 
[329 223] [329 222] [329 221] [329 220] [329 219] [329 218] [329 217] 
[329 216] [329 215] [329 214] [329 213] [329 212] [329 211] [329 210] 
[329 209] [329 208] [329 207] [329 206] [329 205] [329 204] [329 204] 
[329 203] [329 202] [329 201] [329 200] [329 199] [329 198] [329 197] 
[329 196] [329 195] [329 194] [329 193] [329 192] [329 191] [329 190] 
[329 189] [329 188] [329 187] [329 186] [329 185] [328 185] [328 184] 
[328 183] [328 182] [328 181] [328 181] [328 180] [327 180] [327 179] 
[327 178] [326 178] [326 177] [325 177] [324 177] [324 176] [323 176] 
[322 176] [322 175] [321 175] [320 175] [319 175] [318 175] [317 175] 
[316 175] [315 175] [314 175] [313 175] [313 175] [312 175] [311 175] 
[310 175] [309 175] [308 175] [307 175] [306 175] [305 175] [304 175] 
[303 175] [302 175] [301 175] [300 175] [299 175] [298 175] [297 175] 
[296 175] [295 175] [294 175] [293 175] [293 175] [292 175] [291 175] 
[290 175] [289 175] [288 175] [287 175] [286 175] [285 175] [284 175] 
[283 175] [282 175] [281 175] [280 175] [279 175] [278 175] [277 175] 
[276 175] [275 175] [274 175] [273 175] [272 175] [271 175] [270 175] 
[269 175] [268 175] [267 175] [266 175] [265 175] [264 175] [263 175] 
[262 175] [261 175] [260 175] [259 175] [258 175] [257 175] [257 175] 

		Begin Printing Seed information

Seed point: 176 192 	Path 0 21 	User path 0 8 0

Seed point: 179 211 	Path 22 97 	User path 8 31 8

Seed point: 179 286 	Path 98 128 	User path 31 53 31

Seed point: 179 316 	Path 129 151 	User path 53 81 53

Seed point: 186 331 	Path 152 173 	User path 81 105 81

Seed point: 206 332 	Path 174 206 	User path 105 126 105

Seed point: 238 332 	Path 207 237 	User path 126 145 126

Seed point: 268 332 	Path 238 263 	User path 145 168 145

Seed point: 293 332 	Path 264 288 	User path 168 192 168

Seed point: 317 332 	Path 289 309 	User path 192 220 192

Seed point: 328 323 	Path 310 330 	User path 220 245 220

Seed point: 329 304 	Path 331 372 	User path 245 267 245

Seed point: 329 263 	Path 373 432 	User path 267 289 267

Seed point: 329 204 	Path 433 457 	User path 289 318 289

Seed point: 328 181 	Path 458 479 	User path 318 343 318

Seed point: 313 175 	Path 480 500 	User path 343 366 343

Seed point: 293 175 	Path 501 537 	User path 366 388 366

Seed point: 257 175 	Path 538 568 	User path 388 410 388

Seed point: 227 175 	Path 569 569 	User path 430 430 430

---------------------

Print path: 



[176 192] [177 193] [178 193] [179 193] [179 194] [179 195] [179 196] 
[179 197] [179 198] [179 199] [179 200] [179 201] [179 202] [179 203] 
[179 204] [179 205] [179 206] [179 207] [179 208] [179 209] [179 210] 
[179 211] [179 211] [179 212] [179 213] [179 214] [179 215] [179 216] 
[179 217] [179 218] [179 219] [179 220] [179 221] [179 222] [179 223] 
[179 224] [179 225] [179 226] [179 227] [179 228] [179 229] [179 230] 
[179 231] [179 232] [179 233] [179 234] [179 235] [179 236] [179 237] 
[179 238] [179 239] [179 240] [179 241] [179 242] [179 243] [179 244] 
[179 245] [179 246] [179 247] [179 248] [179 249] [179 250] [179 251] 
[179 252] [179 253] [179 254] [179 255] [179 256] [179 257] [179 258] 
[179 259] [179 260] [179 261] [179 262] [179 263] [179 264] [179 265] 
[179 266] [179 267] [179 268] [179 269] [179 270] [179 271] [179 272] 
[179 273] [179 274] [179 275] [179 276] [179 277] [179 278] [179 279] 
[179 280] [179 281] [179 282] [179 283] [179 284] [179 285] [179 286] 
[179 286] [179 287] [179 288] [179 289] [179 290] [179 291] [179 292] 
[179 293] [179 294] [179 295] [179 296] [179 297] [179 298] [179 299] 
[179 300] [179 301] [179 302] [179 303] [179 304] [179 305] [179 306] 
[179 307] [179 308] [179 309] [179 310] [179 311] [179 312] [179 313] 
[179 314] [179 315] [179 316] [179 316] [179 317] [179 318] [179 319] 
[179 320] [179 321] [179 322] [179 323] [180 323] [180 324] [180 325] 
[180 326] [180 327] [181 327] [181 328] [181 329] [182 329] [182 330] 
[183 330] [184 330] [184 331] [185 331] [186 331] [186 331] [186 332] 
[187 332] [188 332] [189 332] [190 332] [191 332] [192 332] [193 332] 
[194 332] [195 332] [196 332] [197 332] [198 332] [199 332] [200 332] 
[201 332] [202 332] [203 332] [204 332] [205 332] [206 332] [206 332] 
[207 332] [208 332] [209 332] [210 332] [211 332] [212 332] [213 332] 
[214 332] [215 332] [216 332] [217 332] [218 332] [219 332] [220 332] 
[221 332] [222 332] [223 332] [224 332] [225 332] [226 332] [227 332] 
[228 332] [229 332] [230 332] [231 332] [232 332] [233 332] [234 332] 
[235 332] [236 332] [237 332] [238 332] [238 332] [239 332] [240 332] 
[241 332] [242 332] [243 332] [244 332] [245 332] [246 332] [247 332] 
[248 332] [249 332] [250 332] [251 332] [252 332] [253 332] [254 332] 
[255 332] [256 332] [257 332] [258 332] [259 332] [260 332] [261 332] 
[262 332] [263 332] [264 332] [265 332] [266 332] [267 332] [268 332] 
[268 332] [269 332] [270 332] [271 332] [272 332] [273 332] [274 332] 
[275 332] [276 332] [277 332] [278 332] [279 332] [280 332] [281 332] 
[282 332] [283 332] [284 332] [285 332] [286 332] [287 332] [288 332] 
[289 332] [290 332] [291 332] [292 332] [293 332] [293 332] [294 332] 
[295 332] [296 332] [297 332] [298 332] [299 332] [300 332] [301 332] 
[302 332] [303 332] [304 332] [305 332] [306 332] [307 332] [308 332] 
[309 332] [310 332] [311 332] [312 332] [313 332] [314 332] [315 332] 
[316 332] [317 332] [317 332] [318 332] [319 332] [320 332] [321 332] 
[322 332] [322 331] [323 331] [324 331] [324 330] [325 330] [326 330] 
[326 329] [326 328] [327 328] [327 327] [328 327] [328 326] [328 325] 
[328 324] [328 323] [328 323] [328 322] [329 322] [329 321] [329 320] 
[329 319] [329 318] [329 317] [329 316] [329 315] [329 314] [329 313] 
[329 312] [329 311] [329 310] [329 309] [329 308] [329 307] [329 306] 
[329 305] [329 304] [329 304] [329 303] [329 302] [329 301] [329 300] 
[329 299] [329 298] [329 297] [329 296] [329 295] [329 294] [329 293] 
[329 292] [329 291] [329 290] [329 289] [329 288] [329 287] [329 286] 
[329 285] [329 284] [329 283] [329 282] [329 281] [329 280] [329 279] 
[329 278] [329 277] [329 276] [329 275] [329 274] [329 273] [329 272] 
[329 271] [329 270] [329 269] [329 268] [329 267] [329 266] [329 265] 
[329 264] [329 263] [329 263] [329 262] [329 261] [329 260] [329 259] 
[329 258] [329 257] [329 256] [329 255] [329 254] [329 253] [329 252] 
[329 251] [329 250] [329 249] [329 248] [329 247] [329 246] [329 245] 
[329 244] [329 243] [329 242] [329 241] [329 240] [329 239] [329 238] 
[329 237] [329 236] [329 235] [329 234] [329 233] [329 232] [329 231] 
[329 230] [329 229] [329 228] [329 227] [329 226] [329 225] [329 224] 
[329 223] [329 222] [329 221] [329 220] [329 219] [329 218] [329 217] 
[329 216] [329 215] [329 214] [329 213] [329 212] [329 211] [329 210] 
[329 209] [329 208] [329 207] [329 206] [329 205] [329 204] [329 204] 
[329 203] [329 202] [329 201] [329 200] [329 199] [329 198] [329 197] 
[329 196] [329 195] [329 194] [329 193] [329 192] [329 191] [329 190] 
[329 189] [329 188] [329 187] [329 186] [329 185] [328 185] [328 184] 
[328 183] [328 182] [328 181] [328 181] [328 180] [327 180] [327 179] 
[327 178] [326 178] [326 177] [325 177] [324 177] [324 176] [323 176] 
[322 176] [322 175] [321 175] [320 175] [319 175] [318 175] [317 175] 
[316 175] [315 175] [314 175] [313 175] [313 175] [312 175] [311 175] 
[310 175] [309 175] [308 175] [307 175] [306 175] [305 175] [304 175] 
[303 175] [302 175] [301 175] [300 175] [299 175] [298 175] [297 175] 
[296 175] [295 175] [294 175] [293 175] [293 175] [292 175] [291 175] 
[290 175] [289 175] [288 175] [287 175] [286 175] [285 175] [284 175] 
[283 175] [282 175] [281 175] [280 175] [279 175] [278 175] [277 175] 
[276 175] [275 175] [274 175] [273 175] [272 175] [271 175] [270 175] 
[269 175] [268 175] [267 175] [266 175] [265 175] [264 175] [263 175] 
[262 175] [261 175] [260 175] [259 175] [258 175] [257 175] [257 175] 
[256 175] [255 175] [254 175] [253 175] [252 175] [251 175] [250 175] 
[249 175] [248 175] [247 175] [246 175] [245 175] [244 175] [243 175] 
[242 175] [241 175] [240 175] [239 175] [238 175] [237 175] [236 175] 
[235 175] [234 175] [233 175] [232 175] [231 175] [230 175] [229 175] 
[228 175] [227 175] [227 175] 

		Begin Printing Seed information

Seed point: 176 192 	Path 0 21 	User path 0 8 0

Seed point: 179 211 	Path 22 97 	User path 8 31 8

Seed point: 179 286 	Path 98 128 	User path 31 53 31

Seed point: 179 316 	Path 129 151 	User path 53 81 53

Seed point: 186 331 	Path 152 173 	User path 81 105 81

Seed point: 206 332 	Path 174 206 	User path 105 126 105

Seed point: 238 332 	Path 207 237 	User path 126 145 126

Seed point: 268 332 	Path 238 263 	User path 145 168 145

Seed point: 293 332 	Path 264 288 	User path 168 192 168

Seed point: 317 332 	Path 289 309 	User path 192 220 192

Seed point: 328 323 	Path 310 330 	User path 220 245 220

Seed point: 329 304 	Path 331 372 	User path 245 267 245

Seed point: 329 263 	Path 373 432 	User path 267 289 267

Seed point: 329 204 	Path 433 457 	User path 289 318 289

Seed point: 328 181 	Path 458 479 	User path 318 343 318

Seed point: 313 175 	Path 480 500 	User path 343 366 343

Seed point: 293 175 	Path 501 537 	User path 366 388 366

Seed point: 257 175 	Path 538 568 	User path 388 410 388

Seed point: 227 175 	Path 569 594 	User path 410 430 410

Seed point: 202 175 	Path 595 595 	User path 452 452 452

---------------------

Print path: 



[176 192] [177 193] [178 193] [179 193] [179 194] [179 195] [179 196] 
[179 197] [179 198] [179 199] [179 200] [179 201] [179 202] [179 203] 
[179 204] [179 205] [179 206] [179 207] [179 208] [179 209] [179 210] 
[179 211] [179 211] [179 212] [179 213] [179 214] [179 215] [179 216] 
[179 217] [179 218] [179 219] [179 220] [179 221] [179 222] [179 223] 
[179 224] [179 225] [179 226] [179 227] [179 228] [179 229] [179 230] 
[179 231] [179 232] [179 233] [179 234] [179 235] [179 236] [179 237] 
[179 238] [179 239] [179 240] [179 241] [179 242] [179 243] [179 244] 
[179 245] [179 246] [179 247] [179 248] [179 249] [179 250] [179 251] 
[179 252] [179 253] [179 254] [179 255] [179 256] [179 257] [179 258] 
[179 259] [179 260] [179 261] [179 262] [179 263] [179 264] [179 265] 
[179 266] [179 267] [179 268] [179 269] [179 270] [179 271] [179 272] 
[179 273] [179 274] [179 275] [179 276] [179 277] [179 278] [179 279] 
[179 280] [179 281] [179 282] [179 283] [179 284] [179 285] [179 286] 
[179 286] [179 287] [179 288] [179 289] [179 290] [179 291] [179 292] 
[179 293] [179 294] [179 295] [179 296] [179 297] [179 298] [179 299] 
[179 300] [179 301] [179 302] [179 303] [179 304] [179 305] [179 306] 
[179 307] [179 308] [179 309] [179 310] [179 311] [179 312] [179 313] 
[179 314] [179 315] [179 316] [179 316] [179 317] [179 318] [179 319] 
[179 320] [179 321] [179 322] [179 323] [180 323] [180 324] [180 325] 
[180 326] [180 327] [181 327] [181 328] [181 329] [182 329] [182 330] 
[183 330] [184 330] [184 331] [185 331] [186 331] [186 331] [186 332] 
[187 332] [188 332] [189 332] [190 332] [191 332] [192 332] [193 332] 
[194 332] [195 332] [196 332] [197 332] [198 332] [199 332] [200 332] 
[201 332] [202 332] [203 332] [204 332] [205 332] [206 332] [206 332] 
[207 332] [208 332] [209 332] [210 332] [211 332] [212 332] [213 332] 
[214 332] [215 332] [216 332] [217 332] [218 332] [219 332] [220 332] 
[221 332] [222 332] [223 332] [224 332] [225 332] [226 332] [227 332] 
[228 332] [229 332] [230 332] [231 332] [232 332] [233 332] [234 332] 
[235 332] [236 332] [237 332] [238 332] [238 332] [239 332] [240 332] 
[241 332] [242 332] [243 332] [244 332] [245 332] [246 332] [247 332] 
[248 332] [249 332] [250 332] [251 332] [252 332] [253 332] [254 332] 
[255 332] [256 332] [257 332] [258 332] [259 332] [260 332] [261 332] 
[262 332] [263 332] [264 332] [265 332] [266 332] [267 332] [268 332] 
[268 332] [269 332] [270 332] [271 332] [272 332] [273 332] [274 332] 
[275 332] [276 332] [277 332] [278 332] [279 332] [280 332] [281 332] 
[282 332] [283 332] [284 332] [285 332] [286 332] [287 332] [288 332] 
[289 332] [290 332] [291 332] [292 332] [293 332] [293 332] [294 332] 
[295 332] [296 332] [297 332] [298 332] [299 332] [300 332] [301 332] 
[302 332] [303 332] [304 332] [305 332] [306 332] [307 332] [308 332] 
[309 332] [310 332] [311 332] [312 332] [313 332] [314 332] [315 332] 
[316 332] [317 332] [317 332] [318 332] [319 332] [320 332] [321 332] 
[322 332] [322 331] [323 331] [324 331] [324 330] [325 330] [326 330] 
[326 329] [326 328] [327 328] [327 327] [328 327] [328 326] [328 325] 
[328 324] [328 323] [328 323] [328 322] [329 322] [329 321] [329 320] 
[329 319] [329 318] [329 317] [329 316] [329 315] [329 314] [329 313] 
[329 312] [329 311] [329 310] [329 309] [329 308] [329 307] [329 306] 
[329 305] [329 304] [329 304] [329 303] [329 302] [329 301] [329 300] 
[329 299] [329 298] [329 297] [329 296] [329 295] [329 294] [329 293] 
[329 292] [329 291] [329 290] [329 289] [329 288] [329 287] [329 286] 
[329 285] [329 284] [329 283] [329 282] [329 281] [329 280] [329 279] 
[329 278] [329 277] [329 276] [329 275] [329 274] [329 273] [329 272] 
[329 271] [329 270] [329 269] [329 268] [329 267] [329 266] [329 265] 
[329 264] [329 263] [329 263] [329 262] [329 261] [329 260] [329 259] 
[329 258] [329 257] [329 256] [329 255] [329 254] [329 253] [329 252] 
[329 251] [329 250] [329 249] [329 248] [329 247] [329 246] [329 245] 
[329 244] [329 243] [329 242] [329 241] [329 240] [329 239] [329 238] 
[329 237] [329 236] [329 235] [329 234] [329 233] [329 232] [329 231] 
[329 230] [329 229] [329 228] [329 227] [329 226] [329 225] [329 224] 
[329 223] [329 222] [329 221] [329 220] [329 219] [329 218] [329 217] 
[329 216] [329 215] [329 214] [329 213] [329 212] [329 211] [329 210] 
[329 209] [329 208] [329 207] [329 206] [329 205] [329 204] [329 204] 
[329 203] [329 202] [329 201] [329 200] [329 199] [329 198] [329 197] 
[329 196] [329 195] [329 194] [329 193] [329 192] [329 191] [329 190] 
[329 189] [329 188] [329 187] [329 186] [329 185] [328 185] [328 184] 
[328 183] [328 182] [328 181] [328 181] [328 180] [327 180] [327 179] 
[327 178] [326 178] [326 177] [325 177] [324 177] [324 176] [323 176] 
[322 176] [322 175] [321 175] [320 175] [319 175] [318 175] [317 175] 
[316 175] [315 175] [314 175] [313 175] [313 175] [312 175] [311 175] 
[310 175] [309 175] [308 175] [307 175] [306 175] [305 175] [304 175] 
[303 175] [302 175] [301 175] [300 175] [299 175] [298 175] [297 175] 
[296 175] [295 175] [294 175] [293 175] [293 175] [292 175] [291 175] 
[290 175] [289 175] [288 175] [287 175] [286 175] [285 175] [284 175] 
[283 175] [282 175] [281 175] [280 175] [279 175] [278 175] [277 175] 
[276 175] [275 175] [274 175] [273 175] [272 175] [271 175] [270 175] 
[269 175] [268 175] [267 175] [266 175] [265 175] [264 175] [263 175] 
[262 175] [261 175] [260 175] [259 175] [258 175] [257 175] [257 175] 
[256 175] [255 175] [254 175] [253 175] [252 175] [251 175] [250 175] 
[249 175] [248 175] [247 175] [246 175] [245 175] [244 175] [243 175] 
[242 175] [241 175] [240 175] [239 175] [238 175] [237 175] [236 175] 
[235 175] [234 175] [233 175] [232 175] [231 175] [230 175] [229 175] 
[228 175] [227 175] [227 175] [226 175] [225 175] [224 175] [223 175] 
[222 175] [221 175] [220 175] [219 175] [218 175] [217 175] [216 175] 
[215 175] [214 175] [213 175] [212 175] [211 175] [210 175] [209 175] 
[208 175] [207 175] [206 175] [205 175] [204 175] [203 175] [202 175] 
[202 175] 

		Begin Printing Seed information

Seed point: 176 192 	Path 0 21 	User path 0 8 0

Seed point: 179 211 	Path 22 97 	User path 8 31 8

Seed point: 179 286 	Path 98 128 	User path 31 53 31

Seed point: 179 316 	Path 129 151 	User path 53 81 53

Seed point: 186 331 	Path 152 173 	User path 81 105 81

Seed point: 206 332 	Path 174 206 	User path 105 126 105

Seed point: 238 332 	Path 207 237 	User path 126 145 126

Seed point: 268 332 	Path 238 263 	User path 145 168 145

Seed point: 293 332 	Path 264 288 	User path 168 192 168

Seed point: 317 332 	Path 289 309 	User path 192 220 192

Seed point: 328 323 	Path 310 330 	User path 220 245 220

Seed point: 329 304 	Path 331 372 	User path 245 267 245

Seed point: 329 263 	Path 373 432 	User path 267 289 267

Seed point: 329 204 	Path 433 457 	User path 289 318 289

Seed point: 328 181 	Path 458 479 	User path 318 343 318

Seed point: 313 175 	Path 480 500 	User path 343 366 343

Seed point: 293 175 	Path 501 537 	User path 366 388 366

Seed point: 257 175 	Path 538 568 	User path 388 410 388

Seed point: 227 175 	Path 569 594 	User path 410 430 410

Seed point: 202 175 	Path 595 618 	User path 430 454 430

Seed point: 181 175 	Path 619 619 	User path 476 476 476

---------------------

Print path: 



[176 192] [177 193] [178 193] [179 193] [179 194] [179 195] [179 196] 
[179 197] [179 198] [179 199] [179 200] [179 201] [179 202] [179 203] 
[179 204] [179 205] [179 206] [179 207] [179 208] [179 209] [179 210] 
[179 211] [179 211] [179 212] [179 213] [179 214] [179 215] [179 216] 
[179 217] [179 218] [179 219] [179 220] [179 221] [179 222] [179 223] 
[179 224] [179 225] [179 226] [179 227] [179 228] [179 229] [179 230] 
[179 231] [179 232] [179 233] [179 234] [179 235] [179 236] [179 237] 
[179 238] [179 239] [179 240] [179 241] [179 242] [179 243] [179 244] 
[179 245] [179 246] [179 247] [179 248] [179 249] [179 250] [179 251] 
[179 252] [179 253] [179 254] [179 255] [179 256] [179 257] [179 258] 
[179 259] [179 260] [179 261] [179 262] [179 263] [179 264] [179 265] 
[179 266] [179 267] [179 268] [179 269] [179 270] [179 271] [179 272] 
[179 273] [179 274] [179 275] [179 276] [179 277] [179 278] [179 279] 
[179 280] [179 281] [179 282] [179 283] [179 284] [179 285] [179 286] 
[179 286] [179 287] [179 288] [179 289] [179 290] [179 291] [179 292] 
[179 293] [179 294] [179 295] [179 296] [179 297] [179 298] [179 299] 
[179 300] [179 301] [179 302] [179 303] [179 304] [179 305] [179 306] 
[179 307] [179 308] [179 309] [179 310] [179 311] [179 312] [179 313] 
[179 314] [179 315] [179 316] [179 316] [179 317] [179 318] [179 319] 
[179 320] [179 321] [179 322] [179 323] [180 323] [180 324] [180 325] 
[180 326] [180 327] [181 327] [181 328] [181 329] [182 329] [182 330] 
[183 330] [184 330] [184 331] [185 331] [186 331] [186 331] [186 332] 
[187 332] [188 332] [189 332] [190 332] [191 332] [192 332] [193 332] 
[194 332] [195 332] [196 332] [197 332] [198 332] [199 332] [200 332] 
[201 332] [202 332] [203 332] [204 332] [205 332] [206 332] [206 332] 
[207 332] [208 332] [209 332] [210 332] [211 332] [212 332] [213 332] 
[214 332] [215 332] [216 332] [217 332] [218 332] [219 332] [220 332] 
[221 332] [222 332] [223 332] [224 332] [225 332] [226 332] [227 332] 
[228 332] [229 332] [230 332] [231 332] [232 332] [233 332] [234 332] 
[235 332] [236 332] [237 332] [238 332] [238 332] [239 332] [240 332] 
[241 332] [242 332] [243 332] [244 332] [245 332] [246 332] [247 332] 
[248 332] [249 332] [250 332] [251 332] [252 332] [253 332] [254 332] 
[255 332] [256 332] [257 332] [258 332] [259 332] [260 332] [261 332] 
[262 332] [263 332] [264 332] [265 332] [266 332] [267 332] [268 332] 
[268 332] [269 332] [270 332] [271 332] [272 332] [273 332] [274 332] 
[275 332] [276 332] [277 332] [278 332] [279 332] [280 332] [281 332] 
[282 332] [283 332] [284 332] [285 332] [286 332] [287 332] [288 332] 
[289 332] [290 332] [291 332] [292 332] [293 332] [293 332] [294 332] 
[295 332] [296 332] [297 332] [298 332] [299 332] [300 332] [301 332] 
[302 332] [303 332] [304 332] [305 332] [306 332] [307 332] [308 332] 
[309 332] [310 332] [311 332] [312 332] [313 332] [314 332] [315 332] 
[316 332] [317 332] [317 332] [318 332] [319 332] [320 332] [321 332] 
[322 332] [322 331] [323 331] [324 331] [324 330] [325 330] [326 330] 
[326 329] [326 328] [327 328] [327 327] [328 327] [328 326] [328 325] 
[328 324] [328 323] [328 323] [328 322] [329 322] [329 321] [329 320] 
[329 319] [329 318] [329 317] [329 316] [329 315] [329 314] [329 313] 
[329 312] [329 311] [329 310] [329 309] [329 308] [329 307] [329 306] 
[329 305] [329 304] [329 304] [329 303] [329 302] [329 301] [329 300] 
[329 299] [329 298] [329 297] [329 296] [329 295] [329 294] [329 293] 
[329 292] [329 291] [329 290] [329 289] [329 288] [329 287] [329 286] 
[329 285] [329 284] [329 283] [329 282] [329 281] [329 280] [329 279] 
[329 278] [329 277] [329 276] [329 275] [329 274] [329 273] [329 272] 
[329 271] [329 270] [329 269] [329 268] [329 267] [329 266] [329 265] 
[329 264] [329 263] [329 263] [329 262] [329 261] [329 260] [329 259] 
[329 258] [329 257] [329 256] [329 255] [329 254] [329 253] [329 252] 
[329 251] [329 250] [329 249] [329 248] [329 247] [329 246] [329 245] 
[329 244] [329 243] [329 242] [329 241] [329 240] [329 239] [329 238] 
[329 237] [329 236] [329 235] [329 234] [329 233] [329 232] [329 231] 
[329 230] [329 229] [329 228] [329 227] [329 226] [329 225] [329 224] 
[329 223] [329 222] [329 221] [329 220] [329 219] [329 218] [329 217] 
[329 216] [329 215] [329 214] [329 213] [329 212] [329 211] [329 210] 
[329 209] [329 208] [329 207] [329 206] [329 205] [329 204] [329 204] 
[329 203] [329 202] [329 201] [329 200] [329 199] [329 198] [329 197] 
[329 196] [329 195] [329 194] [329 193] [329 192] [329 191] [329 190] 
[329 189] [329 188] [329 187] [329 186] [329 185] [328 185] [328 184] 
[328 183] [328 182] [328 181] [328 181] [328 180] [327 180] [327 179] 
[327 178] [326 178] [326 177] [325 177] [324 177] [324 176] [323 176] 
[322 176] [322 175] [321 175] [320 175] [319 175] [318 175] [317 175] 
[316 175] [315 175] [314 175] [313 175] [313 175] [312 175] [311 175] 
[310 175] [309 175] [308 175] [307 175] [306 175] [305 175] [304 175] 
[303 175] [302 175] [301 175] [300 175] [299 175] [298 175] [297 175] 
[296 175] [295 175] [294 175] [293 175] [293 175] [292 175] [291 175] 
[290 175] [289 175] [288 175] [287 175] [286 175] [285 175] [284 175] 
[283 175] [282 175] [281 175] [280 175] [279 175] [278 175] [277 175] 
[276 175] [275 175] [274 175] [273 175] [272 175] [271 175] [270 175] 
[269 175] [268 175] [267 175] [266 175] [265 175] [264 175] [263 175] 
[262 175] [261 175] [260 175] [259 175] [258 175] [257 175] [257 175] 
[256 175] [255 175] [254 175] [253 175] [252 175] [251 175] [250 175] 
[249 175] [248 175] [247 175] [246 175] [245 175] [244 175] [243 175] 
[242 175] [241 175] [240 175] [239 175] [238 175] [237 175] [236 175] 
[235 175] [234 175] [233 175] [232 175] [231 175] [230 175] [229 175] 
[228 175] [227 175] [227 175] [226 175] [225 175] [224 175] [223 175] 
[222 175] [221 175] [220 175] [219 175] [218 175] [217 175] [216 175] 
[215 175] [214 175] [213 175] [212 175] [211 175] [210 175] [209 175] 
[208 175] [207 175] [206 175] [205 175] [204 175] [203 175] [202 175] 
[202 175] [201 175] [200 175] [199 175] [198 175] [197 175] [196 175] 
[196 174] [195 174] [194 174] [193 174] [192 174] [191 174] [190 174] 
[189 174] [188 174] [187 174] [186 174] [185 174] [184 174] [184 175] 
[183 175] [182 175] [181 175] [181 175] 

User path


[176 192] [176 192] [176 194] [176 196] [176 199] [176 201] [176 205] 
[175 209] [179 211] [175 213] [175 217] [173 221] [173 227] [173 233] 
[173 238] [173 243] [173 249] [175 254] [175 258] [175 262] [175 266] 
[175 269] [175 271] [175 273] [175 275] [175 276] [175 278] [175 278] 
[175 280] [175 281] [175 286] [179 286] [175 288] [175 291] [175 292] 
[175 295] [175 297] [175 300] [175 302] [175 303] [176 305] [176 306] 
[176 308] [176 309] [176 310] [176 311] [176 311] [176 312] [176 312] 
[176 314] [176 314] [176 315] [178 316] [179 316] [178 316] [178 317] 
[179 318] [179 319] [180 319] [181 319] [181 320] [182 320] [183 321] 
[183 322] [183 322] [184 322] [184 323] [184 323] [184 323] [185 324] 
[185 325] [186 325] [186 325] [186 326] [186 326] [186 327] [187 327] 
[187 328] [187 328] [187 328] [187 329] [186 331] [188 329] [188 329] 
[189 330] [189 331] [189 331] [190 331] [190 331] [191 332] [192 332] 
[192 333] [192 333] [193 333] [195 334] [196 334] [197 334] [199 335] 
[200 336] [201 336] [201 336] [203 336] [204 336] [205 336] [206 336] 
[206 332] [207 337] [207 337] [208 337] [209 337] [209 337] [210 337] 
[211 337] [212 337] [212 337] [213 337] [215 337] [217 337] [218 337] 
[220 337] [222 337] [224 337] [226 337] [227 337] [230 337] [238 337] 
[238 332] [243 336] [244 336] [246 336] [249 336] [251 336] [252 336] 
[254 336] [256 336] [258 336] [259 336] [260 336] [261 336] [262 336] 
[263 336] [265 336] [266 336] [266 336] [267 336] [268 332] [267 337] 
[268 337] [269 337] [269 337] [270 337] [271 337] [271 336] [271 336] 
[272 336] [273 336] [274 336] [275 336] [277 336] [279 336] [281 336] 
[283 336] [284 336] [286 337] [287 337] [289 337] [290 337] [292 337] 
[293 332] [292 337] [294 337] [295 337] [295 337] [296 337] [297 337] 
[297 336] [297 336] [298 336] [299 336] [299 336] [300 336] [300 336] 
[301 336] [303 336] [305 337] [307 337] [309 337] [311 337] [312 337] 
[313 337] [315 337] [317 337] [317 332] [318 337] [319 337] [319 337] 
[320 337] [320 337] [321 337] [321 337] [322 337] [322 337] [323 337] 
[323 337] [324 336] [325 336] [325 336] [325 336] [326 335] [326 334] 
[326 333] [326 332] [326 331] [327 328] [327 327] [327 326] [327 325] 
[327 325] [327 324] [327 323] [328 323] [327 323] [327 322] [327 322] 
[327 321] [327 320] [327 320] [327 319] [327 318] [327 317] [327 317] 
[327 316] [327 316] [327 315] [327 314] [327 314] [327 313] [327 312] 
[327 311] [327 311] [327 309] [327 306] [328 305] [328 305] [328 304] 
[329 304] [328 303] [328 302] [328 300] [328 297] [328 294] [328 292] 
[328 289] [328 286] [328 283] [328 281] [328 280] [328 277] [328 276] 
[328 274] [328 273] [329 272] [329 271] [329 269] [329 268] [329 266] 
[330 263] [329 263] [330 261] [330 259] [330 257] [330 255] [331 253] 
[331 248] [331 245] [331 241] [331 238] [331 234] [331 231] [331 229] 
[330 226] [330 223] [330 221] [330 220] [330 217] [330 214] [330 212] 
[330 209] [329 204] [329 204] [329 203] [329 201] [329 200] [329 200] 
[329 199] [329 198] [329 198] [329 197] [329 196] [329 196] [329 195] 
[329 193] [329 193] [329 192] [329 191] [329 190] [329 190] [329 189] 
[329 189] [329 188] [329 187] [329 186] [329 186] [329 185] [329 184] 
[329 184] [329 183] [328 181] [328 181] [327 179] [326 176] [325 175] 
[325 173] [325 172] [325 172] [324 171] [323 171] [323 171] [323 170] 
[322 170] [322 170] [321 170] [320 170] [320 170] [319 170] [319 170] 
[318 170] [317 170] [317 170] [315 171] [314 171] [314 171] [313 172] 
[313 175] [312 172] [311 172] [310 172] [309 173] [308 173] [308 173] 
[307 173] [306 173] [306 173] [305 173] [305 173] [304 173] [303 173] 
[302 173] [301 173] [300 173] [299 173] [297 173] [296 173] [295 173] 
[294 173] [293 173] [293 175] [291 173] [289 173] [286 173] [285 172] 
[283 172] [281 172] [279 171] [277 170] [274 170] [272 170] [271 169] 
[269 169] [268 169] [266 169] [265 169] [265 169] [263 169] [262 169] 
[261 169] [260 169] [257 169] [257 175] [255 169] [254 169] [252 169] 
[251 169] [250 169] [249 169] [247 169] [246 169] [246 169] [244 169] 
[243 169] [242 169] [241 169] [240 169] [239 169] [238 169] [236 169] 
[235 169] [233 169] [232 169] [227 169] [227 175] [226 169] [224 169] 
[224 169] [223 169] [221 169] [220 169] [218 169] [217 169] [215 169] 
[214 169] [213 169] [211 169] [209 169] [208 169] [207 169] [206 168] 
[204 168] [204 168] [203 168] [202 175] [203 168] [200 168] [200 168] 
[199 168] [198 168] [198 168] [196 168] [195 168] [195 168] [193 168] 
[192 168] [190 168] [189 168] [188 168] [187 168] [186 168] [185 168] 
[184 168] [183 168] [182 168] [181 168] [180 168] [178 169] [181 175] 
[177 169] [176 169] [176 169] [175 169] [175 169] [173 170] [173 170] 
[172 170] [172 170] [172 171] [170 171] [170 171] [170 172] [169 172] 
[169 173] [170 175] [170 176] [171 177] [172 179] [172 180] [172 182] 
[172 183] [173 184] [173 184] [173 185] [173 186] [173 187] [173 189] 
[173 189] [173 190] [173 191] [173 192] [173 192] [173 193] [174 193] 
[175 193] [175 193] 

		Begin Printing Seed information

Seed point: 176 192 	Path 0 21 	User path 0 8 0

Seed point: 179 211 	Path 22 97 	User path 8 31 8

Seed point: 179 286 	Path 98 128 	User path 31 53 31

Seed point: 179 316 	Path 129 151 	User path 53 81 53

Seed point: 186 331 	Path 152 173 	User path 81 105 81

Seed point: 206 332 	Path 174 206 	User path 105 126 105

Seed point: 238 332 	Path 207 237 	User path 126 145 126

Seed point: 268 332 	Path 238 263 	User path 145 168 145

Seed point: 293 332 	Path 264 288 	User path 168 192 168

Seed point: 317 332 	Path 289 309 	User path 192 220 192

Seed point: 328 323 	Path 310 330 	User path 220 245 220

Seed point: 329 304 	Path 331 372 	User path 245 267 245

Seed point: 329 263 	Path 373 432 	User path 267 289 267

Seed point: 329 204 	Path 433 457 	User path 289 318 289

Seed point: 328 181 	Path 458 479 	User path 318 343 318

Seed point: 313 175 	Path 480 500 	User path 343 366 343

Seed point: 293 175 	Path 501 537 	User path 366 388 366

Seed point: 257 175 	Path 538 568 	User path 388 410 388

Seed point: 227 175 	Path 569 594 	User path 410 430 410

Seed point: 202 175 	Path 595 618 	User path 430 454 430

Seed point: 181 175 	Path 619 646 	User path 454 492 454

Seed point: 175 193 	Path 647 647 	User path 492 492 492

---------------------

Print path: 



[176 192] [177 193] [178 193] [179 193] [179 194] [179 195] [179 196] 
[179 197] [179 198] [179 199] [179 200] [179 201] [179 202] [179 203] 
[179 204] [179 205] [179 206] [179 207] [179 208] [179 209] [179 210] 
[179 211] [179 211] [179 212] [179 213] [179 214] [179 215] [179 216] 
[179 217] [179 218] [179 219] [179 220] [179 221] [179 222] [179 223] 
[179 224] [179 225] [179 226] [179 227] [179 228] [179 229] [179 230] 
[179 231] [179 232] [179 233] [179 234] [179 235] [179 236] [179 237] 
[179 238] [179 239] [179 240] [179 241] [179 242] [179 243] [179 244] 
[179 245] [179 246] [179 247] [179 248] [179 249] [179 250] [179 251] 
[179 252] [179 253] [179 254] [179 255] [179 256] [179 257] [179 258] 
[179 259] [179 260] [179 261] [179 262] [179 263] [179 264] [179 265] 
[179 266] [179 267] [179 268] [179 269] [179 270] [179 271] [179 272] 
[179 273] [179 274] [179 275] [179 276] [179 277] [179 278] [179 279] 
[179 280] [179 281] [179 282] [179 283] [179 284] [179 285] [179 286] 
[179 286] [179 287] [179 288] [179 289] [179 290] [179 291] [179 292] 
[179 293] [179 294] [179 295] [179 296] [179 297] [179 298] [179 299] 
[179 300] [179 301] [179 302] [179 303] [179 304] [179 305] [179 306] 
[179 307] [179 308] [179 309] [179 310] [179 311] [179 312] [179 313] 
[179 314] [179 315] [179 316] [179 316] [179 317] [179 318] [179 319] 
[179 320] [179 321] [179 322] [179 323] [180 323] [180 324] [180 325] 
[180 326] [180 327] [181 327] [181 328] [181 329] [182 329] [182 330] 
[183 330] [184 330] [184 331] [185 331] [186 331] [186 331] [186 332] 
[187 332] [188 332] [189 332] [190 332] [191 332] [192 332] [193 332] 
[194 332] [195 332] [196 332] [197 332] [198 332] [199 332] [200 332] 
[201 332] [202 332] [203 332] [204 332] [205 332] [206 332] [206 332] 
[207 332] [208 332] [209 332] [210 332] [211 332] [212 332] [213 332] 
[214 332] [215 332] [216 332] [217 332] [218 332] [219 332] [220 332] 
[221 332] [222 332] [223 332] [224 332] [225 332] [226 332] [227 332] 
[228 332] [229 332] [230 332] [231 332] [232 332] [233 332] [234 332] 
[235 332] [236 332] [237 332] [238 332] [238 332] [239 332] [240 332] 
[241 332] [242 332] [243 332] [244 332] [245 332] [246 332] [247 332] 
[248 332] [249 332] [250 332] [251 332] [252 332] [253 332] [254 332] 
[255 332] [256 332] [257 332] [258 332] [259 332] [260 332] [261 332] 
[262 332] [263 332] [264 332] [265 332] [266 332] [267 332] [268 332] 
[268 332] [269 332] [270 332] [271 332] [272 332] [273 332] [274 332] 
[275 332] [276 332] [277 332] [278 332] [279 332] [280 332] [281 332] 
[282 332] [283 332] [284 332] [285 332] [286 332] [287 332] [288 332] 
[289 332] [290 332] [291 332] [292 332] [293 332] [293 332] [294 332] 
[295 332] [296 332] [297 332] [298 332] [299 332] [300 332] [301 332] 
[302 332] [303 332] [304 332] [305 332] [306 332] [307 332] [308 332] 
[309 332] [310 332] [311 332] [312 332] [313 332] [314 332] [315 332] 
[316 332] [317 332] [317 332] [318 332] [319 332] [320 332] [321 332] 
[322 332] [322 331] [323 331] [324 331] [324 330] [325 330] [326 330] 
[326 329] [326 328] [327 328] [327 327] [328 327] [328 326] [328 325] 
[328 324] [328 323] [328 323] [328 322] [329 322] [329 321] [329 320] 
[329 319] [329 318] [329 317] [329 316] [329 315] [329 314] [329 313] 
[329 312] [329 311] [329 310] [329 309] [329 308] [329 307] [329 306] 
[329 305] [329 304] [329 304] [329 303] [329 302] [329 301] [329 300] 
[329 299] [329 298] [329 297] [329 296] [329 295] [329 294] [329 293] 
[329 292] [329 291] [329 290] [329 289] [329 288] [329 287] [329 286] 
[329 285] [329 284] [329 283] [329 282] [329 281] [329 280] [329 279] 
[329 278] [329 277] [329 276] [329 275] [329 274] [329 273] [329 272] 
[329 271] [329 270] [329 269] [329 268] [329 267] [329 266] [329 265] 
[329 264] [329 263] [329 263] [329 262] [329 261] [329 260] [329 259] 
[329 258] [329 257] [329 256] [329 255] [329 254] [329 253] [329 252] 
[329 251] [329 250] [329 249] [329 248] [329 247] [329 246] [329 245] 
[329 244] [329 243] [329 242] [329 241] [329 240] [329 239] [329 238] 
[329 237] [329 236] [329 235] [329 234] [329 233] [329 232] [329 231] 
[329 230] [329 229] [329 228] [329 227] [329 226] [329 225] [329 224] 
[329 223] [329 222] [329 221] [329 220] [329 219] [329 218] [329 217] 
[329 216] [329 215] [329 214] [329 213] [329 212] [329 211] [329 210] 
[329 209] [329 208] [329 207] [329 206] [329 205] [329 204] [329 204] 
[329 203] [329 202] [329 201] [329 200] [329 199] [329 198] [329 197] 
[329 196] [329 195] [329 194] [329 193] [329 192] [329 191] [329 190] 
[329 189] [329 188] [329 187] [329 186] [329 185] [328 185] [328 184] 
[328 183] [328 182] [328 181] [328 181] [328 180] [327 180] [327 179] 
[327 178] [326 178] [326 177] [325 177] [324 177] [324 176] [323 176] 
[322 176] [322 175] [321 175] [320 175] [319 175] [318 175] [317 175] 
[316 175] [315 175] [314 175] [313 175] [313 175] [312 175] [311 175] 
[310 175] [309 175] [308 175] [307 175] [306 175] [305 175] [304 175] 
[303 175] [302 175] [301 175] [300 175] [299 175] [298 175] [297 175] 
[296 175] [295 175] [294 175] [293 175] [293 175] [292 175] [291 175] 
[290 175] [289 175] [288 175] [287 175] [286 175] [285 175] [284 175] 
[283 175] [282 175] [281 175] [280 175] [279 175] [278 175] [277 175] 
[276 175] [275 175] [274 175] [273 175] [272 175] [271 175] [270 175] 
[269 175] [268 175] [267 175] [266 175] [265 175] [264 175] [263 175] 
[262 175] [261 175] [260 175] [259 175] [258 175] [257 175] [257 175] 
[256 175] [255 175] [254 175] [253 175] [252 175] [251 175] [250 175] 
[249 175] [248 175] [247 175] [246 175] [245 175] [244 175] [243 175] 
[242 175] [241 175] [240 175] [239 175] [238 175] [237 175] [236 175] 
[235 175] [234 175] [233 175] [232 175] [231 175] [230 175] [229 175] 
[228 175] [227 175] [227 175] [226 175] [225 175] [224 175] [223 175] 
[222 175] [221 175] [220 175] [219 175] [218 175] [217 175] [216 175] 
[215 175] [214 175] [213 175] [212 175] [211 175] [210 175] [209 175] 
[208 175] [207 175] [206 175] [205 175] [204 175] [203 175] [202 175] 
[202 175] [201 175] [200 175] [199 175] [198 175] [197 175] [196 175] 
[196 174] [195 174] [194 174] [193 174] [192 174] [191 174] [190 174] 
[189 174] [188 174] [187 174] [186 174] [185 174] [184 174] [184 175] 
[183 175] [182 175] [181 175] [181 175] [182 175] [183 175] [183 176] 
[183 177] [182 177] [182 178] [181 178] [181 179] [181 180] [180 180] 
[180 181] [179 182] [179 183] [179 184] [179 185] [179 186] [179 187] 
[179 188] [179 189] [179 190] [179 191] [179 192] [179 193] [178 193] 
[177 193] [176 193] [175 193] [175 193] 

